#
# There is insufficient memory for the Java Runtime Environment to continue.
# Native memory allocation (malloc) failed to allocate 131088 bytes. Error detail: Chunk::new
# Possible reasons:
#   The system is out of physical RAM or swap space
#   This process is running with CompressedOops enabled, and the Java Heap may be blocking the growth of the native heap
# Possible solutions:
#   Reduce memory load on the system
#   Increase physical memory or swap space
#   Check if swap backing store is full
#   Decrease Java heap size (-Xmx/-Xms)
#   Decrease number of Java threads
#   Decrease Java thread stack sizes (-Xss)
#   Set larger code cache with -XX:ReservedCodeCacheSize=
#   JVM is running with Unscaled Compressed Oops mode in which the Java heap is
#     placed in the first 4GB address space. The Java Heap base address is the
#     maximum limit for the native heap growth. Please use -XX:HeapBaseMinAddress
#     to set the Java Heap base and to place the Java Heap above 4GB virtual address.
# This output file may be truncated or incomplete.
#
#  Out of Memory Error (arena.cpp:168), pid=11412, tid=17420
#
# JRE version: OpenJDK Runtime Environment (21.0.4) (build 21.0.4+-12508038-b607.1)
# Java VM: OpenJDK 64-Bit Server VM (21.0.4+-12508038-b607.1, mixed mode, tiered, compressed oops, compressed class ptrs, g1 gc, windows-amd64)
# No core dump will be written. Minidumps are not enabled by default on client versions of Windows
#

---------------  S U M M A R Y ------------

Command Line: --add-opens=java.base/java.util=ALL-UNNAMED --add-opens=java.base/java.lang=ALL-UNNAMED --add-opens=java.base/java.lang.invoke=ALL-UNNAMED --add-opens=java.prefs/java.util.prefs=ALL-UNNAMED --add-exports=jdk.compiler/com.sun.tools.javac.api=ALL-UNNAMED --add-exports=jdk.compiler/com.sun.tools.javac.util=ALL-UNNAMED --add-opens=java.base/java.nio.charset=ALL-UNNAMED --add-opens=java.base/java.net=ALL-UNNAMED --add-opens=java.base/java.util.concurrent.atomic=ALL-UNNAMED -Xmx2048m -Dfile.encoding=UTF-8 -Duser.country=US -Duser.language=en -Duser.variant -javaagent:C:\Users\CSA\.gradle\wrapper\dists\gradle-8.10.2-bin\a04bxjujx95o3nb99gddekhwo\gradle-8.10.2\lib\agents\gradle-instrumentation-agent-8.10.2.jar org.gradle.launcher.daemon.bootstrap.GradleDaemon 8.10.2

Host: Intel(R) Core(TM) i5-8350U CPU @ 1.70GHz, 8 cores, 7G,  Windows 10 , 64 bit Build 19041 (10.0.19041.662)
Time: Sat Mar  1 16:43:51 2025 Pacific Standard Time elapsed time: 16.931121 seconds (0d 0h 0m 16s)

---------------  T H R E A D  ---------------

Current thread (0x0000013b6d8f1590):  JavaThread "C2 CompilerThread1" daemon [_thread_in_native, id=17420, stack(0x00000004fb500000,0x00000004fb600000) (1024K)]


Current CompileTask:
C2:  16931 6596   !   4       java.net.URLClassLoader::findClass (47 bytes)

Stack: [0x00000004fb500000,0x00000004fb600000]
Native frames: (J=compiled Java code, j=interpreted, Vv=VM code, C=native code)
V  [jvm.dll+0x6ce539]
V  [jvm.dll+0x85bf03]
V  [jvm.dll+0x85e45e]
V  [jvm.dll+0x85eb43]
V  [jvm.dll+0x27dd06]
V  [jvm.dll+0xbf9cd]
V  [jvm.dll+0xbff03]
V  [jvm.dll+0xbfaf5]
V  [jvm.dll+0x6f5772]
V  [jvm.dll+0x1ca193]
V  [jvm.dll+0x6f6540]
V  [jvm.dll+0x74df8f]
V  [jvm.dll+0x60fde5]
V  [jvm.dll+0x60f273]
V  [jvm.dll+0x60f09b]
V  [jvm.dll+0x5f9488]
V  [jvm.dll+0x2503d2]
V  [jvm.dll+0x248cfd]
V  [jvm.dll+0x2468be]
V  [jvm.dll+0x1c58a4]
V  [jvm.dll+0x255fec]
V  [jvm.dll+0x254536]
V  [jvm.dll+0x3efab6]
V  [jvm.dll+0x804418]
V  [jvm.dll+0x6cce0d]
C  [ucrtbase.dll+0x214c2]
C  [KERNEL32.DLL+0x17034]
C  [ntdll.dll+0x4d0d1]


---------------  P R O C E S S  ---------------

Threads class SMR info:
_java_thread_list=0x0000013b6bca8a00, length=60, elements={
0x0000013b4c9a7670, 0x0000013b64236a80, 0x0000013b642384f0, 0x0000013b642392f0,
0x0000013b64262b50, 0x0000013b642635b0, 0x0000013b64266020, 0x0000013b642441e0,
0x0000013b64271f00, 0x0000013b643285f0, 0x0000013b6453a100, 0x0000013b69ed4f90,
0x0000013b69f94be0, 0x0000013b69f7a0e0, 0x0000013b6a126cf0, 0x0000013b6a09df20,
0x0000013b6a28c020, 0x0000013b6a191130, 0x0000013b6a1917c0, 0x0000013b6a18fd80,
0x0000013b6a191e50, 0x0000013b6a18f060, 0x0000013b6a190410, 0x0000013b6a1924e0,
0x0000013b6a18f6f0, 0x0000013b6d2b7b00, 0x0000013b6d2ba260, 0x0000013b6d2bd6e0,
0x0000013b6d2baf80, 0x0000013b6d2bb610, 0x0000013b6d2b8eb0, 0x0000013b6d2b7470,
0x0000013b6d2b9bd0, 0x0000013b6d2bc330, 0x0000013b6d2bbca0, 0x0000013b6d2bc9c0,
0x0000013b6d2b9540, 0x0000013b6d2ba8f0, 0x0000013b6d2bdd70, 0x0000013b6d2be400,
0x0000013b6d2bd050, 0x0000013b6d2b8820, 0x0000013b6cafcab0, 0x0000013b6cafd140,
0x0000013b6cafeb80, 0x0000013b6cafd7d0, 0x0000013b6cafde60, 0x0000013b6cafe4f0,
0x0000013b6caff210, 0x0000013b6cafbd90, 0x0000013b6cafc420, 0x0000013b64b07a90,
0x0000013b64b08e40, 0x0000013b64b094d0, 0x0000013b64b066e0, 0x0000013b64b09b60,
0x0000013b64b08120, 0x0000013b64b05330, 0x0000013b64b06050, 0x0000013b6d8f1590
}

Java Threads: ( => current thread )
  0x0000013b4c9a7670 JavaThread "main"                              [_thread_blocked, id=9224, stack(0x00000004f7d00000,0x00000004f7e00000) (1024K)]
  0x0000013b64236a80 JavaThread "Reference Handler"          daemon [_thread_blocked, id=17900, stack(0x00000004f8500000,0x00000004f8600000) (1024K)]
  0x0000013b642384f0 JavaThread "Finalizer"                  daemon [_thread_blocked, id=14852, stack(0x00000004f8600000,0x00000004f8700000) (1024K)]
  0x0000013b642392f0 JavaThread "Signal Dispatcher"          daemon [_thread_blocked, id=16712, stack(0x00000004f8700000,0x00000004f8800000) (1024K)]
  0x0000013b64262b50 JavaThread "Attach Listener"            daemon [_thread_blocked, id=12464, stack(0x00000004f8800000,0x00000004f8900000) (1024K)]
  0x0000013b642635b0 JavaThread "Service Thread"             daemon [_thread_blocked, id=7152, stack(0x00000004f8900000,0x00000004f8a00000) (1024K)]
  0x0000013b64266020 JavaThread "Monitor Deflation Thread"   daemon [_thread_blocked, id=9852, stack(0x00000004f8a00000,0x00000004f8b00000) (1024K)]
  0x0000013b642441e0 JavaThread "C2 CompilerThread0"         daemon [_thread_in_native, id=17200, stack(0x00000004f8b00000,0x00000004f8c00000) (1024K)]
  0x0000013b64271f00 JavaThread "C1 CompilerThread0"         daemon [_thread_in_native, id=7236, stack(0x00000004f8c00000,0x00000004f8d00000) (1024K)]
  0x0000013b643285f0 JavaThread "Common-Cleaner"             daemon [_thread_blocked, id=4760, stack(0x00000004f8d00000,0x00000004f8e00000) (1024K)]
  0x0000013b6453a100 JavaThread "Notification Thread"        daemon [_thread_blocked, id=3788, stack(0x00000004f8e00000,0x00000004f8f00000) (1024K)]
  0x0000013b69ed4f90 JavaThread "Daemon health stats"               [_thread_blocked, id=7448, stack(0x00000004f9000000,0x00000004f9100000) (1024K)]
  0x0000013b69f94be0 JavaThread "Incoming local TCP Connector on port 61858"        [_thread_in_native, id=8860, stack(0x00000004f9600000,0x00000004f9700000) (1024K)]
  0x0000013b69f7a0e0 JavaThread "Daemon periodic checks"            [_thread_blocked, id=13348, stack(0x00000004f9700000,0x00000004f9800000) (1024K)]
  0x0000013b6a126cf0 JavaThread "Daemon"                            [_thread_blocked, id=8016, stack(0x00000004f9800000,0x00000004f9900000) (1024K)]
  0x0000013b6a09df20 JavaThread "Handler for socket connection from /127.0.0.1:61858 to /127.0.0.1:61860"        [_thread_in_native, id=12612, stack(0x00000004f9900000,0x00000004f9a00000) (1024K)]
  0x0000013b6a28c020 JavaThread "Cancel handler"                    [_thread_blocked, id=17876, stack(0x00000004f9a00000,0x00000004f9b00000) (1024K)]
  0x0000013b6a191130 JavaThread "Daemon worker"                     [_thread_in_Java, id=22132, stack(0x00000004f9b00000,0x00000004f9c00000) (1024K)]
  0x0000013b6a1917c0 JavaThread "Asynchronous log dispatcher for DefaultDaemonConnection: socket connection from /127.0.0.1:61858 to /127.0.0.1:61860"        [_thread_blocked, id=12412, stack(0x00000004f9c00000,0x00000004f9d00000) (1024K)]
  0x0000013b6a18fd80 JavaThread "Stdin handler"                     [_thread_blocked, id=19904, stack(0x00000004f9d00000,0x00000004f9e00000) (1024K)]
  0x0000013b6a191e50 JavaThread "Daemon client event forwarder"        [_thread_blocked, id=17392, stack(0x00000004f9e00000,0x00000004f9f00000) (1024K)]
  0x0000013b6a18f060 JavaThread "Cache worker for journal cache (C:\Users\CSA\.gradle\caches\journal-1)"        [_thread_blocked, id=860, stack(0x00000004fa200000,0x00000004fa300000) (1024K)]
  0x0000013b6a190410 JavaThread "File lock request listener"        [_thread_in_native, id=500, stack(0x00000004fa300000,0x00000004fa400000) (1024K)]
  0x0000013b6a1924e0 JavaThread "Cache worker for file hash cache (C:\Users\CSA\.gradle\caches\8.10.2\fileHashes)"        [_thread_blocked, id=20724, stack(0x00000004fa400000,0x00000004fa500000) (1024K)]
  0x0000013b6a18f6f0 JavaThread "File lock release action executor"        [_thread_blocked, id=16680, stack(0x00000004fa500000,0x00000004fa600000) (1024K)]
  0x0000013b6d2b7b00 JavaThread "Cache worker for file hash cache (C:\Users\CSA\AttendanceTracker\.gradle\8.10.2\fileHashes)"        [_thread_blocked, id=17052, stack(0x00000004fa700000,0x00000004fa800000) (1024K)]
  0x0000013b6d2ba260 JavaThread "Cache worker for Build Output Cleanup Cache (C:\Users\CSA\AttendanceTracker\.gradle\buildOutputCleanup)"        [_thread_blocked, id=14464, stack(0x00000004fa800000,0x00000004fa900000) (1024K)]
  0x0000013b6d2bd6e0 JavaThread "File watcher server"        daemon [_thread_in_native, id=13864, stack(0x00000004fa900000,0x00000004faa00000) (1024K)]
  0x0000013b6d2baf80 JavaThread "File watcher consumer"      daemon [_thread_blocked, id=8276, stack(0x00000004faa00000,0x00000004fab00000) (1024K)]
  0x0000013b6d2bb610 JavaThread "jar transforms"                    [_thread_blocked, id=21612, stack(0x00000004f9500000,0x00000004f9600000) (1024K)]
  0x0000013b6d2b8eb0 JavaThread "jar transforms Thread 2"           [_thread_blocked, id=22776, stack(0x00000004fa600000,0x00000004fa700000) (1024K)]
  0x0000013b6d2b7470 JavaThread "jar transforms Thread 3"           [_thread_blocked, id=21728, stack(0x00000004fab00000,0x00000004fac00000) (1024K)]
  0x0000013b6d2b9bd0 JavaThread "jar transforms Thread 4"           [_thread_blocked, id=11280, stack(0x00000004fac00000,0x00000004fad00000) (1024K)]
  0x0000013b6d2bc330 JavaThread "jar transforms Thread 5"           [_thread_blocked, id=8044, stack(0x00000004fad00000,0x00000004fae00000) (1024K)]
  0x0000013b6d2bbca0 JavaThread "jar transforms Thread 6"           [_thread_blocked, id=1732, stack(0x00000004fae00000,0x00000004faf00000) (1024K)]
  0x0000013b6d2bc9c0 JavaThread "jar transforms Thread 7"           [_thread_blocked, id=22988, stack(0x00000004faf00000,0x00000004fb000000) (1024K)]
  0x0000013b6d2b9540 JavaThread "jar transforms Thread 8"           [_thread_blocked, id=22200, stack(0x00000004fb000000,0x00000004fb100000) (1024K)]
  0x0000013b6d2ba8f0 JavaThread "Cache worker for checksums cache (C:\Users\CSA\AttendanceTracker\.gradle\8.10.2\checksums)"        [_thread_blocked, id=13316, stack(0x00000004fb200000,0x00000004fb300000) (1024K)]
  0x0000013b6d2bdd70 JavaThread "Cache worker for file content cache (C:\Users\CSA\.gradle\caches\8.10.2\fileContent)"        [_thread_blocked, id=9816, stack(0x00000004fb300000,0x00000004fb400000) (1024K)]
  0x0000013b6d2be400 JavaThread "Cache worker for cache directory md-rule (C:\Users\CSA\.gradle\caches\8.10.2\md-rule)"        [_thread_blocked, id=7028, stack(0x00000004fb400000,0x00000004fb500000) (1024K)]
  0x0000013b6d2bd050 JavaThread "Cache worker for cache directory md-supplier (C:\Users\CSA\.gradle\caches\8.10.2\md-supplier)"        [_thread_blocked, id=21384, stack(0x00000004fb100000,0x00000004fb200000) (1024K)]
  0x0000013b6d2b8820 JavaThread "Unconstrained build operations"        [_thread_blocked, id=9628, stack(0x00000004fb700000,0x00000004fb800000) (1024K)]
  0x0000013b6cafcab0 JavaThread "Unconstrained build operations Thread 2"        [_thread_blocked, id=15896, stack(0x00000004fb800000,0x00000004fb900000) (1024K)]
  0x0000013b6cafd140 JavaThread "Unconstrained build operations Thread 3"        [_thread_blocked, id=23308, stack(0x00000004fb600000,0x00000004fb700000) (1024K)]
  0x0000013b6cafeb80 JavaThread "Unconstrained build operations Thread 4"        [_thread_blocked, id=17400, stack(0x00000004fb900000,0x00000004fba00000) (1024K)]
  0x0000013b6cafd7d0 JavaThread "Unconstrained build operations Thread 5"        [_thread_blocked, id=17012, stack(0x00000004fba00000,0x00000004fbb00000) (1024K)]
  0x0000013b6cafde60 JavaThread "Unconstrained build operations Thread 6"        [_thread_blocked, id=4348, stack(0x00000004fbb00000,0x00000004fbc00000) (1024K)]
  0x0000013b6cafe4f0 JavaThread "Unconstrained build operations Thread 7"        [_thread_blocked, id=21288, stack(0x00000004fbc00000,0x00000004fbd00000) (1024K)]
  0x0000013b6caff210 JavaThread "Unconstrained build operations Thread 8"        [_thread_blocked, id=3212, stack(0x00000004fbd00000,0x00000004fbe00000) (1024K)]
  0x0000013b6cafbd90 JavaThread "Unconstrained build operations Thread 9"        [_thread_blocked, id=14008, stack(0x00000004fbe00000,0x00000004fbf00000) (1024K)]
  0x0000013b6cafc420 JavaThread "Unconstrained build operations Thread 10"        [_thread_blocked, id=7332, stack(0x00000004fbf00000,0x00000004fc000000) (1024K)]
  0x0000013b64b07a90 JavaThread "Unconstrained build operations Thread 11"        [_thread_blocked, id=7048, stack(0x00000004fc000000,0x00000004fc100000) (1024K)]
  0x0000013b64b08e40 JavaThread "Unconstrained build operations Thread 12"        [_thread_blocked, id=21020, stack(0x00000004fc100000,0x00000004fc200000) (1024K)]
  0x0000013b64b094d0 JavaThread "Unconstrained build operations Thread 13"        [_thread_blocked, id=3120, stack(0x00000004fc200000,0x00000004fc300000) (1024K)]
  0x0000013b64b066e0 JavaThread "Unconstrained build operations Thread 14"        [_thread_blocked, id=18604, stack(0x00000004fc300000,0x00000004fc400000) (1024K)]
  0x0000013b64b09b60 JavaThread "Unconstrained build operations Thread 15"        [_thread_blocked, id=9748, stack(0x00000004fc400000,0x00000004fc500000) (1024K)]
  0x0000013b64b08120 JavaThread "Unconstrained build operations Thread 16"        [_thread_blocked, id=9588, stack(0x00000004fc500000,0x00000004fc600000) (1024K)]
  0x0000013b64b05330 JavaThread "Unconstrained build operations Thread 17"        [_thread_blocked, id=22072, stack(0x00000004fc600000,0x00000004fc700000) (1024K)]
  0x0000013b64b06050 JavaThread "Unconstrained build operations Thread 18"        [_thread_blocked, id=17440, stack(0x00000004fc700000,0x00000004fc800000) (1024K)]
=>0x0000013b6d8f1590 JavaThread "C2 CompilerThread1"         daemon [_thread_in_native, id=17420, stack(0x00000004fb500000,0x00000004fb600000) (1024K)]
Total: 60

Other Threads:
  0x0000013b64078810 VMThread "VM Thread"                           [id=11116, stack(0x00000004f8400000,0x00000004f8500000) (1024K)]
  0x0000013b6401cc50 WatcherThread "VM Periodic Task Thread"        [id=5752, stack(0x00000004f8300000,0x00000004f8400000) (1024K)]
  0x0000013b4c9fe070 WorkerThread "GC Thread#0"                     [id=6796, stack(0x00000004f7e00000,0x00000004f7f00000) (1024K)]
  0x0000013b690a81a0 WorkerThread "GC Thread#1"                     [id=6412, stack(0x00000004f9100000,0x00000004f9200000) (1024K)]
  0x0000013b690a8540 WorkerThread "GC Thread#2"                     [id=456, stack(0x00000004f9200000,0x00000004f9300000) (1024K)]
  0x0000013b69597ca0 WorkerThread "GC Thread#3"                     [id=6584, stack(0x00000004f9300000,0x00000004f9400000) (1024K)]
  0x0000013b69587820 WorkerThread "GC Thread#4"                     [id=6396, stack(0x00000004f9400000,0x00000004f9500000) (1024K)]
  0x0000013b6981c7b0 WorkerThread "GC Thread#5"                     [id=4196, stack(0x00000004f8f00000,0x00000004f9000000) (1024K)]
  0x0000013b6981cb50 WorkerThread "GC Thread#6"                     [id=8820, stack(0x00000004f9f00000,0x00000004fa000000) (1024K)]
  0x0000013b6981d290 WorkerThread "GC Thread#7"                     [id=21632, stack(0x00000004fa000000,0x00000004fa100000) (1024K)]
  0x0000013b4ca0f0d0 ConcurrentGCThread "G1 Main Marker"            [id=8092, stack(0x00000004f7f00000,0x00000004f8000000) (1024K)]
  0x0000013b4ca10280 WorkerThread "G1 Conc#0"                       [id=4252, stack(0x00000004f8000000,0x00000004f8100000) (1024K)]
  0x0000013b6981d9d0 WorkerThread "G1 Conc#1"                       [id=22176, stack(0x00000004fa100000,0x00000004fa200000) (1024K)]
  0x0000013b63eed520 ConcurrentGCThread "G1 Refine#0"               [id=19736, stack(0x00000004f8100000,0x00000004f8200000) (1024K)]
  0x0000013b63eedfa0 ConcurrentGCThread "G1 Service"                [id=17288, stack(0x00000004f8200000,0x00000004f8300000) (1024K)]
Total: 15

Threads with active compile tasks:
C2 CompilerThread0    16972 6617       4       org.objectweb.asm.MethodWriter::visitMethodInsn (191 bytes)
C1 CompilerThread0    16972 6614       3       org.objectweb.asm.ClassReader::readMethod (1070 bytes)
C2 CompilerThread1    16972 6596   !   4       java.net.URLClassLoader::findClass (47 bytes)
Total: 3

VM state: not at safepoint (normal execution)

VM Mutex/Monitor currently owned by a thread: None

Heap address: 0x0000000080000000, size: 2048 MB, Compressed Oops mode: 32-bit

CDS archive(s) not mapped
Compressed class space mapped at: 0x0000000100000000-0x0000000140000000, reserved size: 1073741824
Narrow klass base: 0x0000000000000000, Narrow klass shift: 3, Narrow klass range: 0x140000000

GC Precious Log:
 CardTable entry size: 512
 Card Set container configuration: InlinePtr #cards 5 size 8 Array Of Cards #cards 12 size 40 Howl #buckets 4 coarsen threshold 1843 Howl Bitmap #cards 512 size 80 coarsen threshold 460 Card regions per heap region 1 cards per card region 2048
 CPUs: 8 total, 8 available
 Memory: 8050M
 Large Page Support: Disabled
 NUMA Support: Disabled
 Compressed Oops: Enabled (32-bit)
 Heap Region Size: 1M
 Heap Min Capacity: 8M
 Heap Initial Capacity: 126M
 Heap Max Capacity: 2G
 Pre-touch: Disabled
 Parallel Workers: 8
 Concurrent Workers: 2
 Concurrent Refinement Workers: 8
 Periodic GC: Disabled

Heap:
 garbage-first heap   total 132096K, used 81006K [0x0000000080000000, 0x0000000100000000)
  region size 1024K, 7 young (7168K), 5 survivors (5120K)
 Metaspace       used 70316K, committed 72128K, reserved 1114112K
  class space    used 9623K, committed 10560K, reserved 1048576K

Heap Regions: E=young(eden), S=young(survivor), O=old, HS=humongous(starts), HC=humongous(continues), CS=collection set, F=free, TAMS=top-at-mark-start, PB=parsable bottom
|   0|0x0000000080000000, 0x0000000080100000, 0x0000000080100000|100%| O|  |TAMS 0x0000000080000000| PB 0x0000000080000000| Untracked 
|   1|0x0000000080100000, 0x0000000080200000, 0x0000000080200000|100%| O|  |TAMS 0x0000000080100000| PB 0x0000000080100000| Untracked 
|   2|0x0000000080200000, 0x0000000080300000, 0x0000000080300000|100%|HS|  |TAMS 0x0000000080200000| PB 0x0000000080200000| Complete 
|   3|0x0000000080300000, 0x0000000080400000, 0x0000000080400000|100%|HC|  |TAMS 0x0000000080300000| PB 0x0000000080300000| Complete 
|   4|0x0000000080400000, 0x0000000080500000, 0x0000000080500000|100%|HC|  |TAMS 0x0000000080400000| PB 0x0000000080400000| Complete 
|   5|0x0000000080500000, 0x0000000080600000, 0x0000000080600000|100%|HC|  |TAMS 0x0000000080500000| PB 0x0000000080500000| Complete 
|   6|0x0000000080600000, 0x0000000080700000, 0x0000000080700000|100%| O|  |TAMS 0x0000000080600000| PB 0x0000000080600000| Untracked 
|   7|0x0000000080700000, 0x0000000080800000, 0x0000000080800000|100%| O|  |TAMS 0x0000000080700000| PB 0x0000000080700000| Untracked 
|   8|0x0000000080800000, 0x0000000080900000, 0x0000000080900000|100%| O|  |TAMS 0x0000000080800000| PB 0x0000000080800000| Untracked 
|   9|0x0000000080900000, 0x0000000080a00000, 0x0000000080a00000|100%|HS|  |TAMS 0x0000000080900000| PB 0x0000000080900000| Complete 
|  10|0x0000000080a00000, 0x0000000080b00000, 0x0000000080b00000|100%| O|  |TAMS 0x0000000080a00000| PB 0x0000000080a00000| Untracked 
|  11|0x0000000080b00000, 0x0000000080c00000, 0x0000000080c00000|100%| O|  |TAMS 0x0000000080b00000| PB 0x0000000080b00000| Untracked 
|  12|0x0000000080c00000, 0x0000000080d00000, 0x0000000080d00000|100%| O|  |TAMS 0x0000000080c00000| PB 0x0000000080c00000| Untracked 
|  13|0x0000000080d00000, 0x0000000080e00000, 0x0000000080e00000|100%|HS|  |TAMS 0x0000000080d00000| PB 0x0000000080d00000| Complete 
|  14|0x0000000080e00000, 0x0000000080f00000, 0x0000000080f00000|100%| O|  |TAMS 0x0000000080e00000| PB 0x0000000080e00000| Untracked 
|  15|0x0000000080f00000, 0x0000000081000000, 0x0000000081000000|100%| O|  |TAMS 0x0000000080f00000| PB 0x0000000080f00000| Untracked 
|  16|0x0000000081000000, 0x0000000081100000, 0x0000000081100000|100%| O|  |TAMS 0x0000000081000000| PB 0x0000000081000000| Untracked 
|  17|0x0000000081100000, 0x0000000081200000, 0x0000000081200000|100%| O|  |TAMS 0x0000000081100000| PB 0x0000000081100000| Untracked 
|  18|0x0000000081200000, 0x0000000081300000, 0x0000000081300000|100%| O|  |TAMS 0x0000000081200000| PB 0x0000000081200000| Untracked 
|  19|0x0000000081300000, 0x0000000081400000, 0x0000000081400000|100%| O|  |TAMS 0x0000000081300000| PB 0x0000000081300000| Untracked 
|  20|0x0000000081400000, 0x0000000081500000, 0x0000000081500000|100%| O|  |TAMS 0x0000000081400000| PB 0x0000000081400000| Untracked 
|  21|0x0000000081500000, 0x0000000081600000, 0x0000000081600000|100%| O|  |TAMS 0x0000000081500000| PB 0x0000000081500000| Untracked 
|  22|0x0000000081600000, 0x0000000081700000, 0x0000000081700000|100%|HS|  |TAMS 0x0000000081600000| PB 0x0000000081600000| Complete 
|  23|0x0000000081700000, 0x0000000081800000, 0x0000000081800000|100%|HC|  |TAMS 0x0000000081700000| PB 0x0000000081700000| Complete 
|  24|0x0000000081800000, 0x0000000081900000, 0x0000000081900000|100%|HC|  |TAMS 0x0000000081800000| PB 0x0000000081800000| Complete 
|  25|0x0000000081900000, 0x0000000081a00000, 0x0000000081a00000|100%|HC|  |TAMS 0x0000000081900000| PB 0x0000000081900000| Complete 
|  26|0x0000000081a00000, 0x0000000081b00000, 0x0000000081b00000|100%|HC|  |TAMS 0x0000000081a00000| PB 0x0000000081a00000| Complete 
|  27|0x0000000081b00000, 0x0000000081c00000, 0x0000000081c00000|100%|HC|  |TAMS 0x0000000081b00000| PB 0x0000000081b00000| Complete 
|  28|0x0000000081c00000, 0x0000000081d00000, 0x0000000081d00000|100%|HS|  |TAMS 0x0000000081c00000| PB 0x0000000081c00000| Complete 
|  29|0x0000000081d00000, 0x0000000081e00000, 0x0000000081e00000|100%|HC|  |TAMS 0x0000000081d00000| PB 0x0000000081d00000| Complete 
|  30|0x0000000081e00000, 0x0000000081f00000, 0x0000000081f00000|100%|HC|  |TAMS 0x0000000081e00000| PB 0x0000000081e00000| Complete 
|  31|0x0000000081f00000, 0x0000000082000000, 0x0000000082000000|100%|HS|  |TAMS 0x0000000081f00000| PB 0x0000000081f00000| Complete 
|  32|0x0000000082000000, 0x0000000082100000, 0x0000000082100000|100%|HC|  |TAMS 0x0000000082000000| PB 0x0000000082000000| Complete 
|  33|0x0000000082100000, 0x0000000082200000, 0x0000000082200000|100%| O|  |TAMS 0x0000000082100000| PB 0x0000000082100000| Untracked 
|  34|0x0000000082200000, 0x0000000082300000, 0x0000000082300000|100%| O|  |TAMS 0x0000000082200000| PB 0x0000000082200000| Untracked 
|  35|0x0000000082300000, 0x0000000082400000, 0x0000000082400000|100%| O|  |TAMS 0x0000000082300000| PB 0x0000000082300000| Untracked 
|  36|0x0000000082400000, 0x0000000082500000, 0x0000000082500000|100%| O|  |TAMS 0x0000000082400000| PB 0x0000000082400000| Untracked 
|  37|0x0000000082500000, 0x0000000082600000, 0x0000000082600000|100%| O|  |TAMS 0x0000000082500000| PB 0x0000000082500000| Untracked 
|  38|0x0000000082600000, 0x0000000082700000, 0x0000000082700000|100%| O|  |TAMS 0x0000000082600000| PB 0x0000000082600000| Untracked 
|  39|0x0000000082700000, 0x0000000082800000, 0x0000000082800000|100%| O|  |TAMS 0x0000000082700000| PB 0x0000000082700000| Untracked 
|  40|0x0000000082800000, 0x0000000082900000, 0x0000000082900000|100%| O|  |TAMS 0x0000000082800000| PB 0x0000000082800000| Untracked 
|  41|0x0000000082900000, 0x0000000082a00000, 0x0000000082a00000|100%| O|  |TAMS 0x0000000082900000| PB 0x0000000082900000| Untracked 
|  42|0x0000000082a00000, 0x0000000082b00000, 0x0000000082b00000|100%| O|  |TAMS 0x0000000082a00000| PB 0x0000000082a00000| Untracked 
|  43|0x0000000082b00000, 0x0000000082c00000, 0x0000000082c00000|100%| O|  |TAMS 0x0000000082b00000| PB 0x0000000082b00000| Untracked 
|  44|0x0000000082c00000, 0x0000000082d00000, 0x0000000082d00000|100%| O|  |TAMS 0x0000000082c00000| PB 0x0000000082c00000| Untracked 
|  45|0x0000000082d00000, 0x0000000082e00000, 0x0000000082e00000|100%| O|  |TAMS 0x0000000082d00000| PB 0x0000000082d00000| Untracked 
|  46|0x0000000082e00000, 0x0000000082f00000, 0x0000000082f00000|100%| O|  |TAMS 0x0000000082e00000| PB 0x0000000082e00000| Untracked 
|  47|0x0000000082f00000, 0x0000000083000000, 0x0000000083000000|100%| O|  |TAMS 0x0000000082f00000| PB 0x0000000082f00000| Untracked 
|  48|0x0000000083000000, 0x0000000083100000, 0x0000000083100000|100%| O|  |TAMS 0x0000000083000000| PB 0x0000000083000000| Untracked 
|  49|0x0000000083100000, 0x0000000083200000, 0x0000000083200000|100%|HS|  |TAMS 0x0000000083100000| PB 0x0000000083100000| Complete 
|  50|0x0000000083200000, 0x0000000083300000, 0x0000000083300000|100%|HC|  |TAMS 0x0000000083200000| PB 0x0000000083200000| Complete 
|  51|0x0000000083300000, 0x0000000083400000, 0x0000000083400000|100%| O|  |TAMS 0x0000000083300000| PB 0x0000000083300000| Untracked 
|  52|0x0000000083400000, 0x0000000083400000, 0x0000000083500000|  0%| F|  |TAMS 0x0000000083400000| PB 0x0000000083400000| Untracked 
|  53|0x0000000083500000, 0x0000000083600000, 0x0000000083600000|100%| O|  |TAMS 0x0000000083500000| PB 0x0000000083500000| Untracked 
|  54|0x0000000083600000, 0x0000000083700000, 0x0000000083700000|100%| O|  |TAMS 0x0000000083600000| PB 0x0000000083600000| Untracked 
|  55|0x0000000083700000, 0x0000000083800000, 0x0000000083800000|100%| O|  |TAMS 0x0000000083700000| PB 0x0000000083700000| Untracked 
|  56|0x0000000083800000, 0x0000000083900000, 0x0000000083900000|100%| O|  |TAMS 0x0000000083800000| PB 0x0000000083800000| Untracked 
|  57|0x0000000083900000, 0x0000000083a00000, 0x0000000083a00000|100%| O|  |TAMS 0x0000000083900000| PB 0x0000000083900000| Untracked 
|  58|0x0000000083a00000, 0x0000000083b00000, 0x0000000083b00000|100%|HS|  |TAMS 0x0000000083a00000| PB 0x0000000083a00000| Complete 
|  59|0x0000000083b00000, 0x0000000083c00000, 0x0000000083c00000|100%|HC|  |TAMS 0x0000000083b00000| PB 0x0000000083b00000| Complete 
|  60|0x0000000083c00000, 0x0000000083d00000, 0x0000000083d00000|100%|HC|  |TAMS 0x0000000083c00000| PB 0x0000000083c00000| Complete 
|  61|0x0000000083d00000, 0x0000000083e00000, 0x0000000083e00000|100%|HC|  |TAMS 0x0000000083d00000| PB 0x0000000083d00000| Complete 
|  62|0x0000000083e00000, 0x0000000083f00000, 0x0000000083f00000|100%|HC|  |TAMS 0x0000000083e00000| PB 0x0000000083e00000| Complete 
|  63|0x0000000083f00000, 0x0000000084000000, 0x0000000084000000|100%|HC|  |TAMS 0x0000000083f00000| PB 0x0000000083f00000| Complete 
|  64|0x0000000084000000, 0x0000000084100000, 0x0000000084100000|100%|HS|  |TAMS 0x0000000084000000| PB 0x0000000084000000| Complete 
|  65|0x0000000084100000, 0x0000000084200000, 0x0000000084200000|100%|HC|  |TAMS 0x0000000084100000| PB 0x0000000084100000| Complete 
|  66|0x0000000084200000, 0x0000000084300000, 0x0000000084300000|100%|HC|  |TAMS 0x0000000084200000| PB 0x0000000084200000| Complete 
|  67|0x0000000084300000, 0x0000000084400000, 0x0000000084400000|100%|HC|  |TAMS 0x0000000084300000| PB 0x0000000084300000| Complete 
|  68|0x0000000084400000, 0x0000000084500000, 0x0000000084500000|100%|HC|  |TAMS 0x0000000084400000| PB 0x0000000084400000| Complete 
|  69|0x0000000084500000, 0x0000000084600000, 0x0000000084600000|100%|HC|  |TAMS 0x0000000084500000| PB 0x0000000084500000| Complete 
|  70|0x0000000084600000, 0x0000000084700000, 0x0000000084700000|100%| O|  |TAMS 0x0000000084600000| PB 0x0000000084600000| Untracked 
|  71|0x0000000084700000, 0x0000000084700000, 0x0000000084800000|  0%| F|  |TAMS 0x0000000084700000| PB 0x0000000084700000| Untracked 
|  72|0x0000000084800000, 0x0000000084900000, 0x0000000084900000|100%| O|  |TAMS 0x0000000084800000| PB 0x0000000084800000| Untracked 
|  73|0x0000000084900000, 0x0000000084a00000, 0x0000000084a00000|100%| O|  |TAMS 0x0000000084900000| PB 0x0000000084900000| Untracked 
|  74|0x0000000084a00000, 0x0000000084b00000, 0x0000000084b00000|100%| O|  |TAMS 0x0000000084a00000| PB 0x0000000084a00000| Untracked 
|  75|0x0000000084b00000, 0x0000000084b791f8, 0x0000000084c00000| 47%| O|  |TAMS 0x0000000084b00000| PB 0x0000000084b00000| Untracked 
|  76|0x0000000084c00000, 0x0000000084c00000, 0x0000000084d00000|  0%| F|  |TAMS 0x0000000084c00000| PB 0x0000000084c00000| Untracked 
|  77|0x0000000084d00000, 0x0000000084d00000, 0x0000000084e00000|  0%| F|  |TAMS 0x0000000084d00000| PB 0x0000000084d00000| Untracked 
|  78|0x0000000084e00000, 0x0000000084e00000, 0x0000000084f00000|  0%| F|  |TAMS 0x0000000084e00000| PB 0x0000000084e00000| Untracked 
|  79|0x0000000084f00000, 0x0000000084f00000, 0x0000000085000000|  0%| F|  |TAMS 0x0000000084f00000| PB 0x0000000084f00000| Untracked 
|  80|0x0000000085000000, 0x0000000085000000, 0x0000000085100000|  0%| F|  |TAMS 0x0000000085000000| PB 0x0000000085000000| Untracked 
|  81|0x0000000085100000, 0x0000000085100000, 0x0000000085200000|  0%| F|  |TAMS 0x0000000085100000| PB 0x0000000085100000| Untracked 
|  82|0x0000000085200000, 0x0000000085200000, 0x0000000085300000|  0%| F|  |TAMS 0x0000000085200000| PB 0x0000000085200000| Untracked 
|  83|0x0000000085300000, 0x0000000085300000, 0x0000000085400000|  0%| F|  |TAMS 0x0000000085300000| PB 0x0000000085300000| Untracked 
|  84|0x0000000085400000, 0x00000000854a2678, 0x0000000085500000| 63%| S|CS|TAMS 0x0000000085400000| PB 0x0000000085400000| Complete 
|  85|0x0000000085500000, 0x0000000085600000, 0x0000000085600000|100%| S|CS|TAMS 0x0000000085500000| PB 0x0000000085500000| Complete 
|  86|0x0000000085600000, 0x0000000085700000, 0x0000000085700000|100%| S|CS|TAMS 0x0000000085600000| PB 0x0000000085600000| Complete 
|  87|0x0000000085700000, 0x0000000085800000, 0x0000000085800000|100%| S|CS|TAMS 0x0000000085700000| PB 0x0000000085700000| Complete 
|  88|0x0000000085800000, 0x0000000085900000, 0x0000000085900000|100%| S|CS|TAMS 0x0000000085800000| PB 0x0000000085800000| Complete 
|  89|0x0000000085900000, 0x0000000085900000, 0x0000000085a00000|  0%| F|  |TAMS 0x0000000085900000| PB 0x0000000085900000| Untracked 
|  90|0x0000000085a00000, 0x0000000085a00000, 0x0000000085b00000|  0%| F|  |TAMS 0x0000000085a00000| PB 0x0000000085a00000| Untracked 
|  91|0x0000000085b00000, 0x0000000085b00000, 0x0000000085c00000|  0%| F|  |TAMS 0x0000000085b00000| PB 0x0000000085b00000| Untracked 
|  92|0x0000000085c00000, 0x0000000085c00000, 0x0000000085d00000|  0%| F|  |TAMS 0x0000000085c00000| PB 0x0000000085c00000| Untracked 
|  93|0x0000000085d00000, 0x0000000085d00000, 0x0000000085e00000|  0%| F|  |TAMS 0x0000000085d00000| PB 0x0000000085d00000| Untracked 
|  94|0x0000000085e00000, 0x0000000085e00000, 0x0000000085f00000|  0%| F|  |TAMS 0x0000000085e00000| PB 0x0000000085e00000| Untracked 
|  95|0x0000000085f00000, 0x0000000085f00000, 0x0000000086000000|  0%| F|  |TAMS 0x0000000085f00000| PB 0x0000000085f00000| Untracked 
|  96|0x0000000086000000, 0x0000000086000000, 0x0000000086100000|  0%| F|  |TAMS 0x0000000086000000| PB 0x0000000086000000| Untracked 
|  97|0x0000000086100000, 0x0000000086100000, 0x0000000086200000|  0%| F|  |TAMS 0x0000000086100000| PB 0x0000000086100000| Untracked 
|  98|0x0000000086200000, 0x0000000086200000, 0x0000000086300000|  0%| F|  |TAMS 0x0000000086200000| PB 0x0000000086200000| Untracked 
|  99|0x0000000086300000, 0x0000000086300000, 0x0000000086400000|  0%| F|  |TAMS 0x0000000086300000| PB 0x0000000086300000| Untracked 
| 100|0x0000000086400000, 0x0000000086400000, 0x0000000086500000|  0%| F|  |TAMS 0x0000000086400000| PB 0x0000000086400000| Untracked 
| 101|0x0000000086500000, 0x0000000086500000, 0x0000000086600000|  0%| F|  |TAMS 0x0000000086500000| PB 0x0000000086500000| Untracked 
| 102|0x0000000086600000, 0x0000000086600000, 0x0000000086700000|  0%| F|  |TAMS 0x0000000086600000| PB 0x0000000086600000| Untracked 
| 103|0x0000000086700000, 0x0000000086700000, 0x0000000086800000|  0%| F|  |TAMS 0x0000000086700000| PB 0x0000000086700000| Untracked 
| 104|0x0000000086800000, 0x0000000086800000, 0x0000000086900000|  0%| F|  |TAMS 0x0000000086800000| PB 0x0000000086800000| Untracked 
| 105|0x0000000086900000, 0x0000000086900000, 0x0000000086a00000|  0%| F|  |TAMS 0x0000000086900000| PB 0x0000000086900000| Untracked 
| 106|0x0000000086a00000, 0x0000000086a00000, 0x0000000086b00000|  0%| F|  |TAMS 0x0000000086a00000| PB 0x0000000086a00000| Untracked 
| 107|0x0000000086b00000, 0x0000000086b00000, 0x0000000086c00000|  0%| F|  |TAMS 0x0000000086b00000| PB 0x0000000086b00000| Untracked 
| 108|0x0000000086c00000, 0x0000000086c00000, 0x0000000086d00000|  0%| F|  |TAMS 0x0000000086c00000| PB 0x0000000086c00000| Untracked 
| 109|0x0000000086d00000, 0x0000000086d00000, 0x0000000086e00000|  0%| F|  |TAMS 0x0000000086d00000| PB 0x0000000086d00000| Untracked 
| 110|0x0000000086e00000, 0x0000000086e00000, 0x0000000086f00000|  0%| F|  |TAMS 0x0000000086e00000| PB 0x0000000086e00000| Untracked 
| 111|0x0000000086f00000, 0x0000000086f00000, 0x0000000087000000|  0%| F|  |TAMS 0x0000000086f00000| PB 0x0000000086f00000| Untracked 
| 112|0x0000000087000000, 0x0000000087000000, 0x0000000087100000|  0%| F|  |TAMS 0x0000000087000000| PB 0x0000000087000000| Untracked 
| 113|0x0000000087100000, 0x0000000087100000, 0x0000000087200000|  0%| F|  |TAMS 0x0000000087100000| PB 0x0000000087100000| Untracked 
| 114|0x0000000087200000, 0x0000000087200000, 0x0000000087300000|  0%| F|  |TAMS 0x0000000087200000| PB 0x0000000087200000| Untracked 
| 115|0x0000000087300000, 0x0000000087300000, 0x0000000087400000|  0%| F|  |TAMS 0x0000000087300000| PB 0x0000000087300000| Untracked 
| 116|0x0000000087400000, 0x0000000087400000, 0x0000000087500000|  0%| F|  |TAMS 0x0000000087400000| PB 0x0000000087400000| Untracked 
| 117|0x0000000087500000, 0x0000000087500000, 0x0000000087600000|  0%| F|  |TAMS 0x0000000087500000| PB 0x0000000087500000| Untracked 
| 118|0x0000000087600000, 0x0000000087600000, 0x0000000087700000|  0%| F|  |TAMS 0x0000000087600000| PB 0x0000000087600000| Untracked 
| 119|0x0000000087700000, 0x0000000087700000, 0x0000000087800000|  0%| F|  |TAMS 0x0000000087700000| PB 0x0000000087700000| Untracked 
| 120|0x0000000087800000, 0x0000000087800000, 0x0000000087900000|  0%| F|  |TAMS 0x0000000087800000| PB 0x0000000087800000| Untracked 
| 121|0x0000000087900000, 0x0000000087900000, 0x0000000087a00000|  0%| F|  |TAMS 0x0000000087900000| PB 0x0000000087900000| Untracked 
| 122|0x0000000087a00000, 0x0000000087a00000, 0x0000000087b00000|  0%| F|  |TAMS 0x0000000087a00000| PB 0x0000000087a00000| Untracked 
| 123|0x0000000087b00000, 0x0000000087b00000, 0x0000000087c00000|  0%| F|  |TAMS 0x0000000087b00000| PB 0x0000000087b00000| Untracked 
| 124|0x0000000087c00000, 0x0000000087c00000, 0x0000000087d00000|  0%| F|  |TAMS 0x0000000087c00000| PB 0x0000000087c00000| Untracked 
| 125|0x0000000087d00000, 0x0000000087d00000, 0x0000000087e00000|  0%| F|  |TAMS 0x0000000087d00000| PB 0x0000000087d00000| Untracked 
| 126|0x0000000087e00000, 0x0000000087e81080, 0x0000000087f00000| 50%| E|  |TAMS 0x0000000087e00000| PB 0x0000000087e00000| Complete 
| 127|0x0000000087f00000, 0x0000000088000000, 0x0000000088000000|100%| E|CS|TAMS 0x0000000087f00000| PB 0x0000000087f00000| Complete 
| 128|0x0000000088000000, 0x0000000088100000, 0x0000000088100000|100%| E|CS|TAMS 0x0000000088000000| PB 0x0000000088000000| Complete 

Card table byte_map: [0x0000013b5f240000,0x0000013b5f640000] _byte_map_base: 0x0000013b5ee40000

Marking Bits: (CMBitMap*) 0x0000013b4c9fe680
 Bits: [0x0000013b5f640000, 0x0000013b61640000)

Polling page: 0x0000013b4c180000

Metaspace:

Usage:
  Non-class:     59.28 MB used.
      Class:      9.40 MB used.
       Both:     68.69 MB used.

Virtual space:
  Non-class space:       64.00 MB reserved,      60.12 MB ( 94%) committed,  1 nodes.
      Class space:        1.00 GB reserved,      10.31 MB (  1%) committed,  1 nodes.
             Both:        1.06 GB reserved,      70.44 MB (  6%) committed. 

Chunk freelists:
   Non-Class:  3.09 MB
       Class:  5.62 MB
        Both:  8.72 MB

MaxMetaspaceSize: unlimited
CompressedClassSpaceSize: 1.00 GB
Initial GC threshold: 21.00 MB
Current GC threshold: 105.44 MB
CDS: off
 - commit_granule_bytes: 65536.
 - commit_granule_words: 8192.
 - virtual_space_node_default_size: 8388608.
 - enlarge_chunks_in_place: 1.
 - use_allocation_guard: 0.


Internal statistics:

num_allocs_failed_limit: 6.
num_arena_births: 3212.
num_arena_deaths: 0.
num_vsnodes_births: 2.
num_vsnodes_deaths: 0.
num_space_committed: 1127.
num_space_uncommitted: 0.
num_chunks_returned_to_freelist: 6.
num_chunks_taken_from_freelist: 6099.
num_chunk_merges: 6.
num_chunk_splits: 3957.
num_chunks_enlarged: 2473.
num_inconsistent_stats: 0.

CodeHeap 'non-profiled nmethods': size=120000Kb used=3144Kb max_used=3144Kb free=116855Kb
 bounds [0x0000013b575d0000, 0x0000013b578f0000, 0x0000013b5eb00000]
CodeHeap 'profiled nmethods': size=120000Kb used=10527Kb max_used=10527Kb free=109472Kb
 bounds [0x0000013b4fb00000, 0x0000013b50550000, 0x0000013b57030000]
CodeHeap 'non-nmethods': size=5760Kb used=2742Kb max_used=2793Kb free=3017Kb
 bounds [0x0000013b57030000, 0x0000013b57300000, 0x0000013b575d0000]
 total_blobs=6517 nmethods=5630 adapters=789
 compilation: enabled
              stopped_count=0, restarted_count=0
 full_count=0

Compilation events (20 events):
Event: 16.908 Thread 0x0000013b64271f00 6605       3       sun.reflect.generics.visitor.Reifier::visitTypeVariableSignature (18 bytes)
Event: 16.908 Thread 0x0000013b642441e0 6609       4       org.gradle.internal.reflect.PropertyAccessorType::isStatic (8 bytes)
Event: 16.908 Thread 0x0000013b64271f00 nmethod 6605 0x0000013b50540090 code [0x0000013b50540260, 0x0000013b505405a0]
Event: 16.908 Thread 0x0000013b64271f00 6608       3       org.gradle.internal.reflect.PropertyAccessorType::of (101 bytes)
Event: 16.909 Thread 0x0000013b642441e0 nmethod 6609 0x0000013b578e1d90 code [0x0000013b578e1f00, 0x0000013b578e1f98]
Event: 16.909 Thread 0x0000013b642441e0 6610       4       org.gradle.internal.reflect.PropertyAccessorType::hasVoidReturnType (11 bytes)
Event: 16.910 Thread 0x0000013b642441e0 nmethod 6610 0x0000013b578e2090 code [0x0000013b578e2200, 0x0000013b578e2290]
Event: 16.910 Thread 0x0000013b64271f00 nmethod 6608 0x0000013b50540790 code [0x0000013b50540b00, 0x0000013b505421a8]
Event: 16.910 Thread 0x0000013b64271f00 6607       3       org.gradle.internal.reflect.PropertyAccessorType::isGetGetterName (23 bytes)
Event: 16.911 Thread 0x0000013b64271f00 nmethod 6607 0x0000013b50542910 code [0x0000013b50542ae0, 0x0000013b50542e08]
Event: 16.911 Thread 0x0000013b64271f00 6606       3       org.gradle.internal.reflect.PropertyAccessorType::takesSingleParameter (14 bytes)
Event: 16.911 Thread 0x0000013b64271f00 nmethod 6606 0x0000013b50542f90 code [0x0000013b50543140, 0x0000013b505432f8]
Event: 16.919 Thread 0x0000013b64271f00 6611       3       org.gradle.internal.instantiation.generator.ParamsMatchingConstructorSelector::forParams (481 bytes)
Event: 16.921 Thread 0x0000013b64271f00 nmethod 6611 0x0000013b50543410 code [0x0000013b505439c0, 0x0000013b50546a60]
Event: 16.921 Thread 0x0000013b64271f00 6612       3       org.gradle.internal.instantiation.generator.ParamsMatchingConstructorSelector::vetoParameters (1 bytes)
Event: 16.921 Thread 0x0000013b64271f00 nmethod 6612 0x0000013b5011b290 code [0x0000013b5011b420, 0x0000013b5011b528]
Event: 16.922 Thread 0x0000013b64271f00 6613       3       org.objectweb.asm.MethodWriter::visitLineNumber (50 bytes)
Event: 16.922 Thread 0x0000013b64271f00 nmethod 6613 0x0000013b50547a10 code [0x0000013b50547be0, 0x0000013b50548068]
Event: 16.922 Thread 0x0000013b64271f00 6614       3       org.objectweb.asm.ClassReader::readMethod (1070 bytes)
Event: 16.922 Thread 0x0000013b642441e0 6617       4       org.objectweb.asm.MethodWriter::visitMethodInsn (191 bytes)

GC Heap History (20 events):
Event: 11.558 GC heap before
{Heap before GC invocations=15 (full 0):
 garbage-first heap   total 95232K, used 53885K [0x0000000080000000, 0x0000000100000000)
  region size 1024K, 7 young (7168K), 3 survivors (3072K)
 Metaspace       used 49546K, committed 50816K, reserved 1114112K
  class space    used 6678K, committed 7296K, reserved 1048576K
}
Event: 11.561 GC heap after
{Heap after GC invocations=16 (full 0):
 garbage-first heap   total 95232K, used 52090K [0x0000000080000000, 0x0000000100000000)
  region size 1024K, 3 young (3072K), 3 survivors (3072K)
 Metaspace       used 49546K, committed 50816K, reserved 1114112K
  class space    used 6678K, committed 7296K, reserved 1048576K
}
Event: 11.570 GC heap before
{Heap before GC invocations=16 (full 0):
 garbage-first heap   total 95232K, used 54138K [0x0000000080000000, 0x0000000100000000)
  region size 1024K, 4 young (4096K), 3 survivors (3072K)
 Metaspace       used 49546K, committed 50816K, reserved 1114112K
  class space    used 6678K, committed 7296K, reserved 1048576K
}
Event: 11.573 GC heap after
{Heap after GC invocations=17 (full 0):
 garbage-first heap   total 95232K, used 53179K [0x0000000080000000, 0x0000000100000000)
  region size 1024K, 3 young (3072K), 3 survivors (3072K)
 Metaspace       used 49546K, committed 50816K, reserved 1114112K
  class space    used 6678K, committed 7296K, reserved 1048576K
}
Event: 12.378 GC heap before
{Heap before GC invocations=18 (full 0):
 garbage-first heap   total 95232K, used 86971K [0x0000000080000000, 0x0000000100000000)
  region size 1024K, 34 young (34816K), 3 survivors (3072K)
 Metaspace       used 54018K, committed 55488K, reserved 1114112K
  class space    used 7292K, committed 8000K, reserved 1048576K
}
Event: 12.383 GC heap after
{Heap after GC invocations=19 (full 0):
 garbage-first heap   total 95232K, used 53139K [0x0000000080000000, 0x0000000100000000)
  region size 1024K, 5 young (5120K), 5 survivors (5120K)
 Metaspace       used 54018K, committed 55488K, reserved 1114112K
  class space    used 7292K, committed 8000K, reserved 1048576K
}
Event: 13.872 GC heap before
{Heap before GC invocations=19 (full 0):
 garbage-first heap   total 95232K, used 83859K [0x0000000080000000, 0x0000000100000000)
  region size 1024K, 34 young (34816K), 5 survivors (5120K)
 Metaspace       used 56276K, committed 57728K, reserved 1114112K
  class space    used 7642K, committed 8384K, reserved 1048576K
}
Event: 13.880 GC heap after
{Heap after GC invocations=20 (full 0):
 garbage-first heap   total 95232K, used 58722K [0x0000000080000000, 0x0000000100000000)
  region size 1024K, 5 young (5120K), 5 survivors (5120K)
 Metaspace       used 56276K, committed 57728K, reserved 1114112K
  class space    used 7642K, committed 8384K, reserved 1048576K
}
Event: 13.960 GC heap before
{Heap before GC invocations=20 (full 0):
 garbage-first heap   total 95232K, used 61794K [0x0000000080000000, 0x0000000100000000)
  region size 1024K, 9 young (9216K), 5 survivors (5120K)
 Metaspace       used 56344K, committed 57856K, reserved 1114112K
  class space    used 7643K, committed 8384K, reserved 1048576K
}
Event: 13.965 GC heap after
{Heap after GC invocations=21 (full 0):
 garbage-first heap   total 95232K, used 60774K [0x0000000080000000, 0x0000000100000000)
  region size 1024K, 2 young (2048K), 2 survivors (2048K)
 Metaspace       used 56344K, committed 57856K, reserved 1114112K
  class space    used 7643K, committed 8384K, reserved 1048576K
}
Event: 14.440 GC heap before
{Heap before GC invocations=22 (full 0):
 garbage-first heap   total 112640K, used 97638K [0x0000000080000000, 0x0000000100000000)
  region size 1024K, 25 young (25600K), 2 survivors (2048K)
 Metaspace       used 58733K, committed 60352K, reserved 1114112K
  class space    used 7863K, committed 8640K, reserved 1048576K
}
Event: 14.442 GC heap after
{Heap after GC invocations=23 (full 0):
 garbage-first heap   total 112640K, used 75222K [0x0000000080000000, 0x0000000100000000)
  region size 1024K, 4 young (4096K), 4 survivors (4096K)
 Metaspace       used 58733K, committed 60352K, reserved 1114112K
  class space    used 7863K, committed 8640K, reserved 1048576K
}
Event: 14.690 GC heap before
{Heap before GC invocations=23 (full 0):
 garbage-first heap   total 112640K, used 99798K [0x0000000080000000, 0x0000000100000000)
  region size 1024K, 28 young (28672K), 4 survivors (4096K)
 Metaspace       used 59459K, committed 61056K, reserved 1114112K
  class space    used 7987K, committed 8768K, reserved 1048576K
}
Event: 14.693 GC heap after
{Heap after GC invocations=24 (full 0):
 garbage-first heap   total 112640K, used 76476K [0x0000000080000000, 0x0000000100000000)
  region size 1024K, 2 young (2048K), 2 survivors (2048K)
 Metaspace       used 59459K, committed 61056K, reserved 1114112K
  class space    used 7987K, committed 8768K, reserved 1048576K
}
Event: 15.135 GC heap before
{Heap before GC invocations=24 (full 0):
 garbage-first heap   total 112640K, used 100028K [0x0000000080000000, 0x0000000100000000)
  region size 1024K, 26 young (26624K), 2 survivors (2048K)
 Metaspace       used 62889K, committed 64448K, reserved 1114112K
  class space    used 8444K, committed 9216K, reserved 1048576K
}
Event: 15.137 GC heap after
{Heap after GC invocations=25 (full 0):
 garbage-first heap   total 112640K, used 77331K [0x0000000080000000, 0x0000000100000000)
  region size 1024K, 3 young (3072K), 3 survivors (3072K)
 Metaspace       used 62889K, committed 64448K, reserved 1114112K
  class space    used 8444K, committed 9216K, reserved 1048576K
}
Event: 15.921 GC heap before
{Heap before GC invocations=26 (full 0):
 garbage-first heap   total 132096K, used 99859K [0x0000000080000000, 0x0000000100000000)
  region size 1024K, 26 young (26624K), 3 survivors (3072K)
 Metaspace       used 66198K, committed 67840K, reserved 1114112K
  class space    used 8940K, committed 9792K, reserved 1048576K
}
Event: 15.925 GC heap after
{Heap after GC invocations=27 (full 0):
 garbage-first heap   total 132096K, used 78647K [0x0000000080000000, 0x0000000100000000)
  region size 1024K, 4 young (4096K), 4 survivors (4096K)
 Metaspace       used 66198K, committed 67840K, reserved 1114112K
  class space    used 8940K, committed 9792K, reserved 1048576K
}
Event: 16.923 GC heap before
{Heap before GC invocations=27 (full 0):
 garbage-first heap   total 132096K, used 114487K [0x0000000080000000, 0x0000000100000000)
  region size 1024K, 40 young (40960K), 4 survivors (4096K)
 Metaspace       used 70102K, committed 71872K, reserved 1114112K
  class space    used 9575K, committed 10496K, reserved 1048576K
}
Event: 16.928 GC heap after
{Heap after GC invocations=28 (full 0):
 garbage-first heap   total 132096K, used 79982K [0x0000000080000000, 0x0000000100000000)
  region size 1024K, 5 young (5120K), 5 survivors (5120K)
 Metaspace       used 70102K, committed 71872K, reserved 1114112K
  class space    used 9575K, committed 10496K, reserved 1048576K
}

Dll operation events (3 events):
Event: 0.009 Loaded shared library C:\Program Files\Android\Android Studio\jbr\bin\java.dll
Event: 0.015 Loaded shared library C:\Program Files\Android\Android Studio\jbr\bin\zip.dll
Event: 0.813 Loaded shared library C:\Program Files\Android\Android Studio\jbr\bin\verify.dll

Deoptimization events (20 events):
Event: 16.816 Thread 0x0000013b6a191130 Uncommon trap: trap_request=0xffffffde fr.pc=0x0000013b57897ad0 relative=0x00000000000050b0
Event: 16.816 Thread 0x0000013b6a191130 Uncommon trap: reason=class_check action=maybe_recompile pc=0x0000013b57897ad0 method=java.net.URLClassLoader.defineClass(Ljava/lang/String;Ljdk/internal/loader/Resource;)Ljava/lang/Class; @ 34 c2
Event: 16.816 Thread 0x0000013b6a191130 DEOPT PACKING pc=0x0000013b57897ad0 sp=0x00000004f9bf8820
Event: 16.816 Thread 0x0000013b6a191130 DEOPT UNPACKING pc=0x0000013b570846a2 sp=0x00000004f9bf8638 mode 2
Event: 16.818 Thread 0x0000013b6a191130 Uncommon trap: trap_request=0xffffffde fr.pc=0x0000013b57897ad0 relative=0x00000000000050b0
Event: 16.818 Thread 0x0000013b6a191130 Uncommon trap: reason=class_check action=maybe_recompile pc=0x0000013b57897ad0 method=java.net.URLClassLoader.defineClass(Ljava/lang/String;Ljdk/internal/loader/Resource;)Ljava/lang/Class; @ 34 c2
Event: 16.818 Thread 0x0000013b6a191130 DEOPT PACKING pc=0x0000013b57897ad0 sp=0x00000004f9bf7690
Event: 16.818 Thread 0x0000013b6a191130 DEOPT UNPACKING pc=0x0000013b570846a2 sp=0x00000004f9bf74a8 mode 2
Event: 16.820 Thread 0x0000013b6a191130 Uncommon trap: trap_request=0xffffffde fr.pc=0x0000013b57897ad0 relative=0x00000000000050b0
Event: 16.820 Thread 0x0000013b6a191130 Uncommon trap: reason=class_check action=maybe_recompile pc=0x0000013b57897ad0 method=java.net.URLClassLoader.defineClass(Ljava/lang/String;Ljdk/internal/loader/Resource;)Ljava/lang/Class; @ 34 c2
Event: 16.820 Thread 0x0000013b6a191130 DEOPT PACKING pc=0x0000013b57897ad0 sp=0x00000004f9bf7690
Event: 16.820 Thread 0x0000013b6a191130 DEOPT UNPACKING pc=0x0000013b570846a2 sp=0x00000004f9bf74a8 mode 2
Event: 16.821 Thread 0x0000013b6a191130 Uncommon trap: trap_request=0xffffffde fr.pc=0x0000013b57897ad0 relative=0x00000000000050b0
Event: 16.821 Thread 0x0000013b6a191130 Uncommon trap: reason=class_check action=maybe_recompile pc=0x0000013b57897ad0 method=java.net.URLClassLoader.defineClass(Ljava/lang/String;Ljdk/internal/loader/Resource;)Ljava/lang/Class; @ 34 c2
Event: 16.821 Thread 0x0000013b6a191130 DEOPT PACKING pc=0x0000013b57897ad0 sp=0x00000004f9bf7690
Event: 16.821 Thread 0x0000013b6a191130 DEOPT UNPACKING pc=0x0000013b570846a2 sp=0x00000004f9bf74a8 mode 2
Event: 16.905 Thread 0x0000013b6a191130 Uncommon trap: trap_request=0xffffff45 fr.pc=0x0000013b575fbf34 relative=0x0000000000000414
Event: 16.905 Thread 0x0000013b6a191130 Uncommon trap: reason=unstable_if action=reinterpret pc=0x0000013b575fbf34 method=org.gradle.internal.reflect.PropertyAccessorType.isGetGetterName(Ljava/lang/String;)Z @ 14 c2
Event: 16.905 Thread 0x0000013b6a191130 DEOPT PACKING pc=0x0000013b575fbf34 sp=0x00000004f9bf7ff0
Event: 16.905 Thread 0x0000013b6a191130 DEOPT UNPACKING pc=0x0000013b570846a2 sp=0x00000004f9bf7f48 mode 2

Classes loaded (20 events):
Event: 16.616 Loading class java/util/IdentityHashMap$EntrySet
Event: 16.616 Loading class java/util/IdentityHashMap$EntrySet done
Event: 16.616 Loading class java/util/IdentityHashMap$EntryIterator
Event: 16.616 Loading class java/util/IdentityHashMap$IdentityHashMapIterator
Event: 16.616 Loading class java/util/IdentityHashMap$IdentityHashMapIterator done
Event: 16.617 Loading class java/util/IdentityHashMap$EntryIterator done
Event: 16.617 Loading class java/util/IdentityHashMap$EntryIterator$Entry
Event: 16.617 Loading class java/util/IdentityHashMap$EntryIterator$Entry done
Event: 16.665 Loading class java/lang/invoke/SerializedLambda$1
Event: 16.665 Loading class java/lang/invoke/SerializedLambda$1 done
Event: 16.691 Loading class org/xml/sax/Locator
Event: 16.691 Loading class org/xml/sax/Locator done
Event: 16.691 Loading class org/xml/sax/SAXParseException
Event: 16.691 Loading class org/xml/sax/SAXParseException done
Event: 16.693 Loading class org/xml/sax/Attributes
Event: 16.693 Loading class org/xml/sax/Attributes done
Event: 16.799 Loading class java/util/DualPivotQuicksort
Event: 16.800 Loading class java/util/DualPivotQuicksort done
Event: 16.899 Loading class java/util/function/LongUnaryOperator
Event: 16.900 Loading class java/util/function/LongUnaryOperator done

Classes unloaded (0 events):
No events

Classes redefined (0 events):
No events

Internal exceptions (20 events):
Event: 15.545 Thread 0x0000013b6a191130 Exception <a 'sun/nio/fs/WindowsException'{0x000000008733b2a8}> (0x000000008733b2a8) 
thrown [s\src\hotspot\share\prims\jni.cpp, line 535]
Event: 15.548 Thread 0x0000013b6a191130 Exception <a 'sun/nio/fs/WindowsException'{0x0000000087348528}> (0x0000000087348528) 
thrown [s\src\hotspot\share\prims\jni.cpp, line 535]
Event: 16.610 Thread 0x0000013b6a191130 Exception <a 'java/lang/NoSuchMethodError'{0x0000000086d7f820}: 'void java.lang.invoke.DelegatingMethodHandle$Holder.reinvoke_L(java.lang.Object, java.lang.Object, int)'> (0x0000000086d7f820) 
thrown [s\src\hotspot\share\interpreter\linkResolver.cpp, line 784]
Event: 16.610 Thread 0x0000013b6a191130 Exception <a 'java/lang/NoSuchMethodError'{0x0000000086d86e38}: 'int java.lang.invoke.Invokers$Holder.invokeExact_MT(java.lang.Object, java.lang.Object, java.lang.Object)'> (0x0000000086d86e38) 
thrown [s\src\hotspot\share\interpreter\linkResolver.cpp, line 784]
Event: 16.612 Thread 0x0000013b6a191130 Exception <a 'java/lang/NoSuchMethodError'{0x0000000086d96e20}: 'long java.lang.invoke.DelegatingMethodHandle$Holder.reinvoke_L(java.lang.Object, java.lang.Object)'> (0x0000000086d96e20) 
thrown [s\src\hotspot\share\interpreter\linkResolver.cpp, line 784]
Event: 16.612 Thread 0x0000013b6a191130 Exception <a 'java/lang/NoSuchMethodError'{0x0000000086da1748}: 'void java.lang.invoke.DelegatingMethodHandle$Holder.reinvoke_L(java.lang.Object, java.lang.Object, long)'> (0x0000000086da1748) 
thrown [s\src\hotspot\share\interpreter\linkResolver.cpp, line 784]
Event: 16.612 Thread 0x0000013b6a191130 Exception <a 'java/lang/NoSuchMethodError'{0x0000000086da8f78}: 'long java.lang.invoke.Invokers$Holder.invokeExact_MT(java.lang.Object, java.lang.Object, java.lang.Object)'> (0x0000000086da8f78) 
thrown [s\src\hotspot\share\interpreter\linkResolver.cpp, line 784]
Event: 16.653 Thread 0x0000013b6a191130 Exception <a 'java/lang/NoSuchMethodError'{0x0000000086a21a18}: 'void java.lang.invoke.Invokers$Holder.invokeExact_MT(java.lang.Object, java.lang.Object, java.lang.Object, java.lang.Object)'> (0x0000000086a21a18) 
thrown [s\src\hotspot\share\interpreter\linkResolver.cpp, line 784]
Event: 16.658 Thread 0x0000013b6a191130 Exception <a 'java/lang/ClassNotFoundException'{0x0000000086a90840}: org/gradle/internal/serialize/codecs/core/ClosureCodec$BrokenScriptBeanInfo> (0x0000000086a90840) 
thrown [s\src\hotspot\share\classfile\systemDictionary.cpp, line 312]
Event: 16.659 Thread 0x0000013b6a191130 Exception <a 'java/lang/ClassNotFoundException'{0x0000000086a9edc8}: org/gradle/internal/serialize/codecs/core/ClosureCodec$BrokenScriptCustomizer> (0x0000000086a9edc8) 
thrown [s\src\hotspot\share\classfile\systemDictionary.cpp, line 312]
Event: 16.660 Thread 0x0000013b6a191130 Exception <a 'java/lang/ClassNotFoundException'{0x0000000086ab8b40}: org/gradle/api/invocation/GradleBeanInfo> (0x0000000086ab8b40) 
thrown [s\src\hotspot\share\classfile\systemDictionary.cpp, line 312]
Event: 16.660 Thread 0x0000013b6a191130 Exception <a 'java/lang/ClassNotFoundException'{0x0000000086ac4450}: org/gradle/api/invocation/GradleCustomizer> (0x0000000086ac4450) 
thrown [s\src\hotspot\share\classfile\systemDictionary.cpp, line 312]
Event: 16.662 Thread 0x0000013b6a191130 Exception <a 'java/lang/NoSuchMethodError'{0x0000000086ae69e8}: 'void java.lang.invoke.Invokers$Holder.invokeExact_MT(java.lang.Object, java.lang.Object, int, java.lang.Object)'> (0x0000000086ae69e8) 
thrown [s\src\hotspot\share\interpreter\linkResolver.cpp, line 784]
Event: 16.667 Thread 0x0000013b6a191130 Exception <a 'java/lang/NoSuchMethodError'{0x0000000086508d50}: 'void java.lang.invoke.Invokers$Holder.invokeExact_MT(java.lang.Object, java.lang.Object, long, java.lang.Object)'> (0x0000000086508d50) 
thrown [s\src\hotspot\share\interpreter\linkResolver.cpp, line 784]
Event: 16.684 Thread 0x0000013b6a191130 Exception <a 'java/lang/ClassNotFoundException'{0x000000008643d570}: org/gradle/api/internal/project/DefaultProject_DecoratedBeanInfo> (0x000000008643d570) 
thrown [s\src\hotspot\share\classfile\systemDictionary.cpp, line 312]
Event: 16.684 Thread 0x0000013b6a191130 Exception <a 'java/lang/ClassNotFoundException'{0x0000000086448fe0}: org/gradle/api/internal/project/DefaultProjectBeanInfo> (0x0000000086448fe0) 
thrown [s\src\hotspot\share\classfile\systemDictionary.cpp, line 312]
Event: 16.685 Thread 0x0000013b6a191130 Exception <a 'java/lang/ClassNotFoundException'{0x0000000086454ab8}: org/gradle/api/internal/project/DefaultProjectCustomizer> (0x0000000086454ab8) 
thrown [s\src\hotspot\share\classfile\systemDictionary.cpp, line 312]
Event: 16.688 Thread 0x0000013b6a191130 Exception <a 'java/lang/ClassNotFoundException'{0x0000000086313308}: org/gradle/api/internal/project/DefaultProject_DecoratedCustomizer> (0x0000000086313308) 
thrown [s\src\hotspot\share\classfile\systemDictionary.cpp, line 312]
Event: 16.811 Thread 0x0000013b6a191130 Exception <a 'java/lang/NoSuchMethodError'{0x0000000085ed4148}: 'java.lang.Object java.lang.invoke.DirectMethodHandle$Holder.invokeInterface(java.lang.Object, java.lang.Object, int)'> (0x0000000085ed4148) 
thrown [s\src\hotspot\share\interpreter\linkResolver.cpp, line 784]
Event: 16.900 Thread 0x0000013b6a191130 Exception <a 'java/lang/NoSuchMethodError'{0x0000000085aea308}: 'long java.lang.invoke.DirectMethodHandle$Holder.invokeStatic(java.lang.Object, long)'> (0x0000000085aea308) 
thrown [s\src\hotspot\share\interpreter\linkResolver.cpp, line 784]

ZGC Phase Switch (0 events):
No events

VM Operations (20 events):
Event: 15.135 Executing VM operation: G1CollectForAllocation (G1 Evacuation Pause)
Event: 15.137 Executing VM operation: G1CollectForAllocation (G1 Evacuation Pause) done
Event: 15.178 Executing VM operation: G1PauseRemark
Event: 15.186 Executing VM operation: G1PauseRemark done
Event: 15.212 Executing VM operation: G1PauseCleanup
Event: 15.213 Executing VM operation: G1PauseCleanup done
Event: 15.911 Executing VM operation: ICBufferFull
Event: 15.911 Executing VM operation: ICBufferFull done
Event: 15.915 Executing VM operation: HandshakeAllThreads (Deoptimize)
Event: 15.915 Executing VM operation: HandshakeAllThreads (Deoptimize) done
Event: 15.921 Executing VM operation: G1CollectForAllocation (G1 Evacuation Pause)
Event: 15.925 Executing VM operation: G1CollectForAllocation (G1 Evacuation Pause) done
Event: 16.171 Executing VM operation: HandshakeAllThreads (Deoptimize)
Event: 16.171 Executing VM operation: HandshakeAllThreads (Deoptimize) done
Event: 16.547 Executing VM operation: HandshakeAllThreads (Deoptimize)
Event: 16.547 Executing VM operation: HandshakeAllThreads (Deoptimize) done
Event: 16.635 Executing VM operation: HandshakeAllThreads (Deoptimize)
Event: 16.636 Executing VM operation: HandshakeAllThreads (Deoptimize) done
Event: 16.922 Executing VM operation: G1CollectForAllocation (G1 Evacuation Pause)
Event: 16.928 Executing VM operation: G1CollectForAllocation (G1 Evacuation Pause) done

Memory protections (0 events):
No events

Nmethod flushes (20 events):
Event: 15.183 Thread 0x0000013b64078810 flushing  nmethod 0x0000013b4fe09690
Event: 15.183 Thread 0x0000013b64078810 flushing  nmethod 0x0000013b4fe31e90
Event: 15.183 Thread 0x0000013b64078810 flushing  nmethod 0x0000013b4fe9d290
Event: 15.183 Thread 0x0000013b64078810 flushing  nmethod 0x0000013b4fea2590
Event: 15.183 Thread 0x0000013b64078810 flushing  nmethod 0x0000013b4feaa190
Event: 15.183 Thread 0x0000013b64078810 flushing  nmethod 0x0000013b4fede090
Event: 15.183 Thread 0x0000013b64078810 flushing  nmethod 0x0000013b4fee7e10
Event: 15.183 Thread 0x0000013b64078810 flushing  nmethod 0x0000013b4ff53b10
Event: 15.183 Thread 0x0000013b64078810 flushing  nmethod 0x0000013b4ff8ea90
Event: 15.183 Thread 0x0000013b64078810 flushing  nmethod 0x0000013b4ffe2010
Event: 15.183 Thread 0x0000013b64078810 flushing  nmethod 0x0000013b50052990
Event: 15.183 Thread 0x0000013b64078810 flushing  nmethod 0x0000013b50052d90
Event: 15.183 Thread 0x0000013b64078810 flushing  nmethod 0x0000013b500b8310
Event: 15.183 Thread 0x0000013b64078810 flushing  nmethod 0x0000013b500b8690
Event: 15.183 Thread 0x0000013b64078810 flushing  nmethod 0x0000013b50172c10
Event: 15.183 Thread 0x0000013b64078810 flushing  nmethod 0x0000013b501d0010
Event: 15.183 Thread 0x0000013b64078810 flushing  nmethod 0x0000013b501d4a90
Event: 15.183 Thread 0x0000013b64078810 flushing  nmethod 0x0000013b50207610
Event: 15.183 Thread 0x0000013b64078810 flushing  nmethod 0x0000013b502d7c10
Event: 15.183 Thread 0x0000013b64078810 flushing  nmethod 0x0000013b502e0f10

Events (20 events):
Event: 12.663 Thread 0x0000013b6a191130 Thread added: 0x0000013b6cafcab0
Event: 13.246 Thread 0x0000013b6adb2010 Thread exited: 0x0000013b6adb2010
Event: 13.466 Thread 0x0000013b6a191130 Thread added: 0x0000013b6cafd140
Event: 13.468 Thread 0x0000013b6a191130 Thread added: 0x0000013b6cafeb80
Event: 13.725 Thread 0x0000013b6a191130 Thread added: 0x0000013b6cafd7d0
Event: 13.726 Thread 0x0000013b6a191130 Thread added: 0x0000013b6cafde60
Event: 13.727 Thread 0x0000013b6a191130 Thread added: 0x0000013b6cafe4f0
Event: 13.728 Thread 0x0000013b6a191130 Thread added: 0x0000013b6caff210
Event: 13.729 Thread 0x0000013b6a191130 Thread added: 0x0000013b6cafbd90
Event: 13.730 Thread 0x0000013b6a191130 Thread added: 0x0000013b6cafc420
Event: 13.740 Thread 0x0000013b6a191130 Thread added: 0x0000013b64b07a90
Event: 13.778 Thread 0x0000013b6a191130 Thread added: 0x0000013b64b08e40
Event: 13.779 Thread 0x0000013b6a191130 Thread added: 0x0000013b64b094d0
Event: 13.781 Thread 0x0000013b6a191130 Thread added: 0x0000013b64b066e0
Event: 13.782 Thread 0x0000013b6a191130 Thread added: 0x0000013b64b09b60
Event: 13.783 Thread 0x0000013b6a191130 Thread added: 0x0000013b64b08120
Event: 13.784 Thread 0x0000013b6a191130 Thread added: 0x0000013b64b05330
Event: 13.786 Thread 0x0000013b6a191130 Thread added: 0x0000013b64b06050
Event: 15.152 Thread 0x0000013b6ad82010 Thread exited: 0x0000013b6ad82010
Event: 16.732 Thread 0x0000013b64271f00 Thread added: 0x0000013b6d8f1590


Dynamic libraries:
0x00007ff6280a0000 - 0x00007ff6280aa000 	C:\Program Files\Android\Android Studio\jbr\bin\java.exe
0x00007ffc50bf0000 - 0x00007ffc50de6000 	C:\Windows\SYSTEM32\ntdll.dll
0x00007ffc4ec50000 - 0x00007ffc4ed0d000 	C:\Windows\System32\KERNEL32.DLL
0x00007ffc4e800000 - 0x00007ffc4eac9000 	C:\Windows\System32\KERNELBASE.dll
0x00007ffc4e330000 - 0x00007ffc4e430000 	C:\Windows\System32\ucrtbase.dll
0x00007ffc474b0000 - 0x00007ffc474cb000 	C:\Program Files\Android\Android Studio\jbr\bin\VCRUNTIME140.dll
0x00007ffc474f0000 - 0x00007ffc47508000 	C:\Program Files\Android\Android Studio\jbr\bin\jli.dll
0x00007ffc4f0f0000 - 0x00007ffc4f290000 	C:\Windows\System32\USER32.dll
0x00007ffc4e7d0000 - 0x00007ffc4e7f2000 	C:\Windows\System32\win32u.dll
0x00007ffc38740000 - 0x00007ffc389db000 	C:\Windows\WinSxS\amd64_microsoft.windows.common-controls_6595b64144ccf1df_6.0.19041.746_none_ca02b4b61b8320a4\COMCTL32.dll
0x00007ffc50090000 - 0x00007ffc500ba000 	C:\Windows\System32\GDI32.dll
0x00007ffc50b10000 - 0x00007ffc50bae000 	C:\Windows\System32\msvcrt.dll
0x00007ffc4e430000 - 0x00007ffc4e53b000 	C:\Windows\System32\gdi32full.dll
0x00007ffc4ead0000 - 0x00007ffc4eb6d000 	C:\Windows\System32\msvcp_win.dll
0x00007ffc50810000 - 0x00007ffc50840000 	C:\Windows\System32\IMM32.DLL
0x00007ffc49970000 - 0x00007ffc4997c000 	C:\Program Files\Android\Android Studio\jbr\bin\vcruntime140_1.dll
0x00007ffc1d8f0000 - 0x00007ffc1d97d000 	C:\Program Files\Android\Android Studio\jbr\bin\msvcp140.dll
0x00007ffbeafb0000 - 0x00007ffbebc33000 	C:\Program Files\Android\Android Studio\jbr\bin\server\jvm.dll
0x00007ffc4ee50000 - 0x00007ffc4eefc000 	C:\Windows\System32\ADVAPI32.dll
0x00007ffc4fdc0000 - 0x00007ffc4fe5c000 	C:\Windows\System32\sechost.dll
0x00007ffc50840000 - 0x00007ffc5096b000 	C:\Windows\System32\RPCRT4.dll
0x00007ffc50aa0000 - 0x00007ffc50b0b000 	C:\Windows\System32\WS2_32.dll
0x00007ffc4d8d0000 - 0x00007ffc4d91b000 	C:\Windows\SYSTEM32\POWRPROF.dll
0x00007ffc39150000 - 0x00007ffc39177000 	C:\Windows\SYSTEM32\WINMM.dll
0x00007ffc48390000 - 0x00007ffc4839a000 	C:\Windows\SYSTEM32\VERSION.dll
0x00007ffc4d790000 - 0x00007ffc4d7a2000 	C:\Windows\SYSTEM32\UMPDC.dll
0x00007ffc4cc10000 - 0x00007ffc4cc22000 	C:\Windows\SYSTEM32\kernel.appcore.dll
0x00007ffc492d0000 - 0x00007ffc492da000 	C:\Program Files\Android\Android Studio\jbr\bin\jimage.dll
0x00007ffc4bac0000 - 0x00007ffc4bca4000 	C:\Windows\SYSTEM32\DBGHELP.DLL
0x00007ffc3c7e0000 - 0x00007ffc3c80c000 	C:\Windows\SYSTEM32\dbgcore.DLL
0x00007ffc4e750000 - 0x00007ffc4e7d0000 	C:\Windows\System32\bcryptPrimitives.dll
0x00007ffc49c10000 - 0x00007ffc49c1e000 	C:\Program Files\Android\Android Studio\jbr\bin\instrument.dll
0x00007ffc3f010000 - 0x00007ffc3f030000 	C:\Program Files\Android\Android Studio\jbr\bin\java.dll
0x00007ffc3d5c0000 - 0x00007ffc3d5d8000 	C:\Program Files\Android\Android Studio\jbr\bin\zip.dll
0x00007ffc500c0000 - 0x00007ffc50803000 	C:\Windows\System32\SHELL32.dll
0x00007ffc4c380000 - 0x00007ffc4cb0f000 	C:\Windows\SYSTEM32\windows.storage.dll
0x00007ffc4f940000 - 0x00007ffc4fc96000 	C:\Windows\System32\combase.dll
0x00007ffc4dd90000 - 0x00007ffc4ddbc000 	C:\Windows\SYSTEM32\Wldp.dll
0x00007ffc4fe60000 - 0x00007ffc4ff0e000 	C:\Windows\System32\SHCORE.dll
0x00007ffc4f290000 - 0x00007ffc4f2e5000 	C:\Windows\System32\shlwapi.dll
0x00007ffc4e260000 - 0x00007ffc4e286000 	C:\Windows\SYSTEM32\profapi.dll
0x00007ffc475b0000 - 0x00007ffc475c0000 	C:\Program Files\Android\Android Studio\jbr\bin\net.dll
0x00007ffc452d0000 - 0x00007ffc453d0000 	C:\Windows\SYSTEM32\WINHTTP.dll
0x00007ffc4db10000 - 0x00007ffc4db7a000 	C:\Windows\system32\mswsock.dll
0x00007ffc3cba0000 - 0x00007ffc3cbb6000 	C:\Program Files\Android\Android Studio\jbr\bin\nio.dll
0x00007ffc3c820000 - 0x00007ffc3c830000 	C:\Program Files\Android\Android Studio\jbr\bin\verify.dll
0x00007ffc2cea0000 - 0x00007ffc2cec7000 	C:\Users\CSA\.gradle\native\c067742578af261105cb4f569cf0c3c89f3d7b1fecec35dd04571415982c5e48\windows-amd64\native-platform.dll
0x00007ffc0e760000 - 0x00007ffc0e8a4000 	C:\Users\CSA\.gradle\native\100fb08df4bc3b14c8652ba06237920a3bd2aa13389f12d3474272988ae205f9\windows-amd64\native-platform-file-events.dll
0x00007ffc3ca00000 - 0x00007ffc3ca09000 	C:\Program Files\Android\Android Studio\jbr\bin\management.dll
0x00007ffc3c9f0000 - 0x00007ffc3c9fb000 	C:\Program Files\Android\Android Studio\jbr\bin\management_ext.dll
0x00007ffc4ee40000 - 0x00007ffc4ee48000 	C:\Windows\System32\PSAPI.DLL
0x00007ffc4dce0000 - 0x00007ffc4dcf8000 	C:\Windows\SYSTEM32\CRYPTSP.dll
0x00007ffc4d440000 - 0x00007ffc4d474000 	C:\Windows\system32\rsaenh.dll
0x00007ffc4eb70000 - 0x00007ffc4eb97000 	C:\Windows\System32\bcrypt.dll
0x00007ffc4e220000 - 0x00007ffc4e24e000 	C:\Windows\SYSTEM32\USERENV.dll
0x00007ffc4dd00000 - 0x00007ffc4dd0c000 	C:\Windows\SYSTEM32\CRYPTBASE.dll
0x00007ffc4d7b0000 - 0x00007ffc4d7eb000 	C:\Windows\SYSTEM32\IPHLPAPI.DLL
0x00007ffc4ffa0000 - 0x00007ffc4ffa8000 	C:\Windows\System32\NSI.dll
0x00007ffc3ca10000 - 0x00007ffc3ca19000 	C:\Program Files\Android\Android Studio\jbr\bin\extnet.dll
0x00007ffc3cb80000 - 0x00007ffc3cb87000 	C:\Windows\system32\wshunix.dll

dbghelp: loaded successfully - version: 4.0.5 - missing functions: none
symbol engine: initialized successfully - sym options: 0x614 - pdb path: .;C:\Program Files\Android\Android Studio\jbr\bin;C:\Windows\SYSTEM32;C:\Windows\WinSxS\amd64_microsoft.windows.common-controls_6595b64144ccf1df_6.0.19041.746_none_ca02b4b61b8320a4;C:\Program Files\Android\Android Studio\jbr\bin\server;C:\Users\CSA\.gradle\native\c067742578af261105cb4f569cf0c3c89f3d7b1fecec35dd04571415982c5e48\windows-amd64;C:\Users\CSA\.gradle\native\100fb08df4bc3b14c8652ba06237920a3bd2aa13389f12d3474272988ae205f9\windows-amd64

VM Arguments:
jvm_args: --add-opens=java.base/java.util=ALL-UNNAMED --add-opens=java.base/java.lang=ALL-UNNAMED --add-opens=java.base/java.lang.invoke=ALL-UNNAMED --add-opens=java.prefs/java.util.prefs=ALL-UNNAMED --add-exports=jdk.compiler/com.sun.tools.javac.api=ALL-UNNAMED --add-exports=jdk.compiler/com.sun.tools.javac.util=ALL-UNNAMED --add-opens=java.base/java.nio.charset=ALL-UNNAMED --add-opens=java.base/java.net=ALL-UNNAMED --add-opens=java.base/java.util.concurrent.atomic=ALL-UNNAMED -Xmx2048m -Dfile.encoding=UTF-8 -Duser.country=US -Duser.language=en -Duser.variant -javaagent:C:\Users\CSA\.gradle\wrapper\dists\gradle-8.10.2-bin\a04bxjujx95o3nb99gddekhwo\gradle-8.10.2\lib\agents\gradle-instrumentation-agent-8.10.2.jar 
java_command: org.gradle.launcher.daemon.bootstrap.GradleDaemon 8.10.2
java_class_path (initial): C:\Users\CSA\.gradle\wrapper\dists\gradle-8.10.2-bin\a04bxjujx95o3nb99gddekhwo\gradle-8.10.2\lib\gradle-daemon-main-8.10.2.jar
Launcher Type: SUN_STANDARD

[Global flags]
     intx CICompilerCount                          = 4                                         {product} {ergonomic}
     uint ConcGCThreads                            = 2                                         {product} {ergonomic}
     uint G1ConcRefinementThreads                  = 8                                         {product} {ergonomic}
   size_t G1HeapRegionSize                         = 1048576                                   {product} {ergonomic}
    uintx GCDrainStackTargetSize                   = 64                                        {product} {ergonomic}
   size_t InitialHeapSize                          = 132120576                                 {product} {ergonomic}
   size_t MarkStackSize                            = 4194304                                   {product} {ergonomic}
   size_t MaxHeapSize                              = 2147483648                                {product} {command line}
   size_t MaxNewSize                               = 1287651328                                {product} {ergonomic}
   size_t MinHeapDeltaBytes                        = 1048576                                   {product} {ergonomic}
   size_t MinHeapSize                              = 8388608                                   {product} {ergonomic}
    uintx NonNMethodCodeHeapSize                   = 5839372                                {pd product} {ergonomic}
    uintx NonProfiledCodeHeapSize                  = 122909434                              {pd product} {ergonomic}
    uintx ProfiledCodeHeapSize                     = 122909434                              {pd product} {ergonomic}
    uintx ReservedCodeCacheSize                    = 251658240                              {pd product} {ergonomic}
     bool SegmentedCodeCache                       = true                                      {product} {ergonomic}
   size_t SoftMaxHeapSize                          = 2147483648                             {manageable} {ergonomic}
     bool UseCompressedOops                        = true                           {product lp64_product} {ergonomic}
     bool UseG1GC                                  = true                                      {product} {ergonomic}
     bool UseLargePagesIndividualAllocation        = false                                  {pd product} {ergonomic}

Logging:
Log output configuration:
 #0: stdout all=warning uptime,level,tags foldmultilines=false
 #1: stderr all=off uptime,level,tags foldmultilines=false

Environment Variables:
JAVA_HOME=C:\Program Files\Java\jdk-11.0.18
PATH=C:\Program Files\Eclipse Adoptium\jdk-11.0.25.9-hotspot\bin;C:\Windows\system32;C:\Windows;C:\Windows\System32\Wbem;C:\Windows\System32\WindowsPowerShell\v1.0\;C:\Windows\System32\OpenSSH\;C:\Program Files\Git\cmd;C:\Users\CSA\AppData\Local\Android\Sdk\platform-tools;C:\Users\CSA\AppData\Local\Programs\Microsoft VS Code\bin;C:\flutter\bin;C:\Program Files\Java\jdk-11.0.18\bin;C:\Users\CSA\Downloads\gradle-8.12-bin\Gradle\bin;
USERNAME=CSA
OS=Windows_NT
PROCESSOR_IDENTIFIER=Intel64 Family 6 Model 142 Stepping 10, GenuineIntel
TMP=C:\Users\CSA\AppData\Local\Temp
TEMP=C:\Users\CSA\AppData\Local\Temp




Periodic native trim disabled

JNI global refs:
JNI global refs: 28, weak refs: 4

JNI global refs memory usage: 835, weak refs: 833

Process memory usage:
Resident Set Size: 322324K (3% of 8243472K total physical memory with 451968K free physical memory)

OOME stack traces (most recent first):
Classloader memory used:
Loader org.gradle.internal.classloader.VisitableURLClassLoader                         : 35584K
Loader bootstrap                                                                       : 22915K
Loader org.gradle.initialization.MixInLegacyTypesClassLoader                           : 9197K
Loader org.gradle.internal.classloader.VisitableURLClassLoader                         : 864K
Loader org.gradle.internal.classloader.VisitableURLClassLoader$InstrumentingVisitableURLClassLoader: 698K
Loader jdk.internal.loader.ClassLoaders$PlatformClassLoader                            : 499K
Loader jdk.internal.loader.ClassLoaders$AppClassLoader                                 : 234K
Loader jdk.internal.reflect.DelegatingClassLoader                                      : 203K
Loader org.gradle.groovy.scripts.internal.DefaultScriptCompilationHandler$ScriptClassLoader: 89760B
Loader org.codehaus.groovy.runtime.callsite.CallSiteClassLoader                        : 49592B

Classes loaded by more than one classloader:
Class org.gradle.api.GradleException                                                  : loaded 3 times (x 78B)
Class org.gradle.internal.classloader.ClassLoaderHierarchy                            : loaded 2 times (x 66B)
Class org.gradle.api.internal.classpath.ManifestUtil                                  : loaded 2 times (x 67B)
Class org.jetbrains.plugins.gradle.model.GradleExtensions                             : loaded 2 times (x 66B)
Class org.jetbrains.plugins.gradle.model.AnnotationProcessingModel                    : loaded 2 times (x 66B)
Class org.gradle.internal.operations.MultipleBuildOperationFailures                   : loaded 2 times (x 91B)
Class org.gradle.internal.classloader.DefaultClassLoaderFactory                       : loaded 2 times (x 78B)
Class kotlin.collections.AbstractList$Companion                                       : loaded 2 times (x 67B)
Class org.gradle.internal.classloader.ClassLoaderVisitor                              : loaded 2 times (x 72B)
Class org.gradle.api.internal.classpath.EffectiveClassPath                            : loaded 2 times (x 86B)
Class org.gradle.tooling.internal.gradle.DefaultProjectIdentifier                     : loaded 2 times (x 82B)
Class org.gradle.api.internal.DefaultClassPathProvider                                : loaded 2 times (x 72B)
Class [Lorg.gradle.api.internal.ClassPathProvider;                                    : loaded 2 times (x 65B)
Class org.gradle.api.internal.ClassPathProvider                                       : loaded 2 times (x 66B)
Class org.gradle.internal.service.UnknownServiceException                             : loaded 2 times (x 79B)
Class org.jetbrains.kotlin.idea.gradleTooling.KotlinDslScriptAdditionalTask           : loaded 2 times (x 66B)
Class org.gradle.internal.classpath.TransformedClassPath                              : loaded 2 times (x 92B)
Class org.gradle.internal.classloader.InstrumentingClassLoader                        : loaded 2 times (x 66B)
Class kotlin.enums.EnumEntriesList                                                    : loaded 2 times (x 219B)
Class org.jetbrains.plugins.gradle.model.IntelliJSettings                             : loaded 2 times (x 66B)
Class org.jetbrains.kotlin.idea.gradleTooling.KotlinSourceSetContainer                : loaded 2 times (x 66B)
Class org.gradle.internal.service.ServiceLocator                                      : loaded 2 times (x 66B)
Class org.gradle.tooling.model.UnsupportedMethodException                             : loaded 2 times (x 78B)
Class org.gradle.internal.InternalTransformer                                         : loaded 2 times (x 66B)
Class org.gradle.internal.time.DefaultTimer                                           : loaded 2 times (x 76B)
Class org.gradle.internal.classloader.ClasspathUtil$1                                 : loaded 2 times (x 72B)
Class org.gradle.api.internal.classpath.DefaultModuleRegistry$DefaultModule           : loaded 2 times (x 82B)
Class org.gradle.internal.time.DefaultCountdownTimer                                  : loaded 2 times (x 84B)
Class org.gradle.tooling.internal.gradle.DefaultBuildIdentifier                       : loaded 2 times (x 75B)
Class kotlin.Function                                                                 : loaded 2 times (x 66B)
Class org.gradle.api.internal.classpath.Module                                        : loaded 2 times (x 66B)
Class org.gradle.api.internal.classpath.UnknownModuleException                        : loaded 2 times (x 78B)
Class com.intellij.openapi.externalSystem.model.project.dependencies.ProjectDependencies: loaded 2 times (x 66B)
Class org.gradle.tooling.internal.gradle.GradleProjectIdentity                        : loaded 2 times (x 66B)
Class org.gradle.api.internal.DefaultClassPathRegistry                                : loaded 2 times (x 72B)
Class org.gradle.api.internal.ClassPathRegistry                                       : loaded 2 times (x 66B)
Class org.gradle.internal.classpath.DefaultClassPath$ImmutableUniqueList              : loaded 2 times (x 195B)
Class Settings_gradle$1                                                               : loaded 2 times (x 70B)
Class Program                                                                         : loaded 2 times (x 68B)
Class org.gradle.internal.classpath.ClassPath                                         : loaded 2 times (x 66B)
Class org.gradle.api.UncheckedIOException                                             : loaded 2 times (x 78B)
Class org.jetbrains.kotlin.idea.gradleTooling.KotlinGradleModel                       : loaded 2 times (x 66B)
Class org.gradle.tooling.model.Model                                                  : loaded 2 times (x 66B)
Class kotlin.UninitializedPropertyAccessException                                     : loaded 2 times (x 78B)
Class org.jetbrains.plugins.gradle.model.IntelliJProjectSettings                      : loaded 2 times (x 66B)
Class org.gradle.internal.installation.GradleInstallation$1                           : loaded 2 times (x 71B)
Class org.gradle.api.internal.classpath.ModuleRegistry                                : loaded 2 times (x 66B)
Class org.jetbrains.plugins.gradle.model.VersionCatalogsModel                         : loaded 2 times (x 66B)
Class org.gradle.api.internal.classpath.DefaultModuleRegistry                         : loaded 2 times (x 82B)
Class org.gradle.internal.time.MonotonicClock                                         : loaded 2 times (x 73B)
Class org.gradle.internal.service.ServiceLookupException                              : loaded 2 times (x 78B)
Class org.gradle.internal.classloader.ClassLoaderFactory                              : loaded 2 times (x 66B)
Class org.gradle.internal.service.CachingServiceLocator                               : loaded 2 times (x 78B)
Class org.jetbrains.plugins.gradle.model.RepositoryModels                             : loaded 2 times (x 66B)
Class org.gradle.internal.time.TimeSource                                             : loaded 2 times (x 66B)
Class org.gradle.tooling.internal.gradle.GradleBuildIdentity                          : loaded 2 times (x 66B)
Class kotlin.enums.EnumEntries                                                        : loaded 2 times (x 66B)
Class ijInit2_b045evxzvn7kxelwyxvlt8aoj                                               : loaded 2 times (x 175B)
Class org.gradle.internal.exceptions.ResolutionProvider                               : loaded 2 times (x 66B)
Class org.gradle.tooling.model.ProjectIdentifier                                      : loaded 2 times (x 66B)
Class org.gradle.internal.classloader.ClasspathUtil                                   : loaded 2 times (x 67B)
Class org.gradle.internal.time.TimeSource$1                                           : loaded 2 times (x 73B)
Class kotlin.jvm.internal.DefaultConstructorMarker                                    : loaded 2 times (x 67B)
Class org.gradle.api.specs.Spec                                                       : loaded 2 times (x 66B)
Class org.gradle.internal.time.Clock                                                  : loaded 2 times (x 66B)
Class org.jetbrains.plugins.gradle.model.jar.JarTaskManifestConfiguration             : loaded 2 times (x 66B)
Class kotlin.collections.AbstractList                                                 : loaded 2 times (x 193B)
Class kotlin.collections.AbstractCollection                                           : loaded 2 times (x 113B)
Class org.gradle.internal.classloader.VisitableURLClassLoader$InstrumentingVisitableURLClassLoader: loaded 2 times (x 119B)
Class org.gradle.internal.classloader.VisitableURLClassLoader$Spec                    : loaded 2 times (x 70B)
Class org.gradle.internal.classpath.DefaultClassPath                                  : loaded 2 times (x 86B)
Class org.gradle.internal.classloader.ClassLoaderSpec                                 : loaded 2 times (x 67B)
Class Settings_gradle$1$1                                                             : loaded 2 times (x 70B)
Class org.gradle.internal.classloader.VisitableURLClassLoader                         : loaded 2 times (x 113B)
Class Settings_gradle                                                                 : loaded 2 times (x 124B)
Class org.gradle.internal.Cast                                                        : loaded 2 times (x 67B)
Class org.gradle.api.Action                                                           : loaded 2 times (x 66B)
Class kotlin.jvm.functions.Function1                                                  : loaded 2 times (x 66B)
Class org.gradle.internal.classpath.DefaultClassPath$ImmutableUniqueList$Builder      : loaded 2 times (x 71B)
Class org.gradle.internal.classloader.FilteringClassLoader                            : loaded 2 times (x 101B)
Class org.gradle.internal.exceptions.NonGradleCauseExceptionsHolder                   : loaded 2 times (x 66B)
Class kotlin.enums.EnumEntriesKt                                                      : loaded 2 times (x 67B)
Class org.gradle.internal.IoActions                                                   : loaded 2 times (x 67B)
Class org.gradle.internal.classloader.SystemClassLoaderSpec                           : loaded 2 times (x 67B)
Class org.gradle.internal.exceptions.MultiCauseException                              : loaded 2 times (x 66B)
Class org.gradle.internal.time.CountdownTimer                                         : loaded 2 times (x 66B)
Class kotlin.jvm.internal.Intrinsics                                                  : loaded 2 times (x 67B)
Class org.gradle.tooling.model.ProjectModel                                           : loaded 2 times (x 66B)
Class kotlin.KotlinNullPointerException                                               : loaded 2 times (x 79B)
Class org.jetbrains.plugins.gradle.model.tests.ExternalTestsModel                     : loaded 2 times (x 66B)
Class org.gradle.internal.exceptions.DefaultMultiCauseException                       : loaded 2 times (x 91B)
Class org.gradle.internal.time.Time                                                   : loaded 2 times (x 67B)
Class org.jetbrains.plugins.gradle.model.DependencyAccessorsModel                     : loaded 2 times (x 66B)
Class org.gradle.api.internal.classpath.GlobalCacheRootsProvider                      : loaded 2 times (x 66B)
Class org.jetbrains.kotlin.idea.gradleTooling.KotlinMPPGradleModel                    : loaded 2 times (x 66B)
Class org.gradle.tooling.model.BuildIdentifier                                        : loaded 2 times (x 66B)
Class org.jetbrains.kotlin.idea.gradleTooling.PrepareKotlinIdeImportTaskModel         : loaded 2 times (x 66B)
Class org.gradle.internal.time.Timer                                                  : loaded 2 times (x 66B)
Class kotlin.jvm.internal.markers.KMappedMarker                                       : loaded 2 times (x 66B)
Class org.gradle.internal.installation.CurrentGradleInstallationLocator               : loaded 2 times (x 67B)
Class org.gradle.internal.service.DefaultServiceLocator                               : loaded 2 times (x 79B)
Class org.gradle.util.GradleVersion                                                   : loaded 2 times (x 79B)
Class org.gradle.internal.installation.CurrentGradleInstallation                      : loaded 2 times (x 69B)
Class org.gradle.util.internal.GUtil                                                  : loaded 2 times (x 67B)
Class org.gradle.internal.installation.GradleInstallation                             : loaded 2 times (x 71B)
Class sync_studio_tooling1_bcnw8y7jduaonf6m6yyhc0zkr                                  : loaded 2 times (x 175B)

---------------  S Y S T E M  ---------------

OS:
 Windows 10 , 64 bit Build 19041 (10.0.19041.662)
OS uptime: 24 days 4:26 hours

CPU: total 8 (initial active 8) (4 cores per cpu, 2 threads per core) family 6 model 142 stepping 10 microcode 0xea, cx8, cmov, fxsr, ht, mmx, 3dnowpref, sse, sse2, sse3, ssse3, sse4.1, sse4.2, popcnt, lzcnt, tsc, tscinvbit, avx, avx2, aes, erms, clmul, bmi1, bmi2, rtm, adx, fma, vzeroupper, clflush, clflushopt, rdtscp, f16c
Processor Information for all 8 processors :
  Max Mhz: 1896, Current Mhz: 1696, Mhz Limit: 1687

Memory: 4k page, system-wide physical 8050M (441M free)
TotalPageFile size 12029M (AvailPageFile size 5M)
current process WorkingSet (physical memory assigned to process): 315M, peak: 315M
current process commit charge ("private bytes"): 354M, peak: 355M

vm_info: OpenJDK 64-Bit Server VM (21.0.4+-12508038-b607.1) for windows-amd64 JRE (21.0.4+-12508038-b607.1), built on 2024-10-16T17:23:34Z by "builder" with MS VC++ 16.10 / 16.11 (VS2019)

END.
